[2024-03-05T20:54:13.543+0000] {taskinstance.py:1956} INFO - Dependencies all met for dep_context=non-requeueable deps ti=<TaskInstance: citibikedataset.download_dataset scheduled__2023-05-01T00:00:00+00:00 [queued]>
[2024-03-05T20:54:13.547+0000] {taskinstance.py:1956} INFO - Dependencies all met for dep_context=requeueable deps ti=<TaskInstance: citibikedataset.download_dataset scheduled__2023-05-01T00:00:00+00:00 [queued]>
[2024-03-05T20:54:13.548+0000] {taskinstance.py:2170} INFO - Starting attempt 1 of 2
[2024-03-05T20:54:13.556+0000] {taskinstance.py:2191} INFO - Executing <Task(BashOperator): download_dataset> on 2023-05-01 00:00:00+00:00
[2024-03-05T20:54:13.559+0000] {standard_task_runner.py:60} INFO - Started process 248 to run task
[2024-03-05T20:54:13.560+0000] {standard_task_runner.py:87} INFO - Running: ['***', 'tasks', 'run', 'citibikedataset', 'download_dataset', 'scheduled__2023-05-01T00:00:00+00:00', '--job-id', '15', '--raw', '--subdir', 'DAGS_FOLDER/dag_citibikenyc.py', '--cfg-path', '/tmp/tmpen6j00_f']
[2024-03-05T20:54:13.561+0000] {standard_task_runner.py:88} INFO - Job 15: Subtask download_dataset
[2024-03-05T20:54:13.588+0000] {task_command.py:423} INFO - Running <TaskInstance: citibikedataset.download_dataset scheduled__2023-05-01T00:00:00+00:00 [running]> on host 8277132cfd53
[2024-03-05T20:54:13.617+0000] {logging_mixin.py:188} WARNING - /home/***/.local/lib/python3.8/site-packages/***/utils/context.py:207 AirflowContextDeprecationWarning: Accessing 'execution_date' from the template is deprecated and will be removed in a future version. Please use 'data_interval_start' or 'logical_date' instead.
[2024-03-05T20:54:13.638+0000] {taskinstance.py:2480} INFO - Exporting env vars: AIRFLOW_CTX_DAG_OWNER='felipeparfitt' AIRFLOW_CTX_DAG_ID='citibikedataset' AIRFLOW_CTX_TASK_ID='download_dataset' AIRFLOW_CTX_EXECUTION_DATE='2023-05-01T00:00:00+00:00' AIRFLOW_CTX_TRY_NUMBER='1' AIRFLOW_CTX_DAG_RUN_ID='scheduled__2023-05-01T00:00:00+00:00'
[2024-03-05T20:54:13.639+0000] {subprocess.py:63} INFO - Tmp dir root location: /tmp
[2024-03-05T20:54:13.640+0000] {subprocess.py:75} INFO - Running command: ['/usr/bin/bash', '-c', 'sh ${AIRFLOW_HOME}/include/download_bike_dataset.sh 2023 05']
[2024-03-05T20:54:13.645+0000] {subprocess.py:86} INFO - Output:
[2024-03-05T20:54:13.646+0000] {subprocess.py:93} INFO - 
[2024-03-05T20:54:13.646+0000] {subprocess.py:93} INFO - Downloading citibike dataset from 2023/05
[2024-03-05T20:54:13.646+0000] {subprocess.py:93} INFO - /opt/***/include/dataset/raw/2023/05
[2024-03-05T20:54:13.647+0000] {subprocess.py:93} INFO - /opt/***/include/download_bike_dataset.sh: 14: wget: Permission denied
[2024-03-05T20:54:13.648+0000] {subprocess.py:97} INFO - Command exited with return code 1
[2024-03-05T20:54:13.653+0000] {taskinstance.py:2698} ERROR - Task failed with exception
Traceback (most recent call last):
  File "/home/airflow/.local/lib/python3.8/site-packages/airflow/models/taskinstance.py", line 433, in _execute_task
    result = execute_callable(context=context, **execute_callable_kwargs)
  File "/home/airflow/.local/lib/python3.8/site-packages/airflow/operators/bash.py", line 212, in execute
    raise AirflowException(
airflow.exceptions.AirflowException: Bash command failed. The command returned a non-zero exit code 1.
[2024-03-05T20:54:13.656+0000] {taskinstance.py:1138} INFO - Marking task as UP_FOR_RETRY. dag_id=citibikedataset, task_id=download_dataset, execution_date=20230501T000000, start_date=20240305T205413, end_date=20240305T205413
[2024-03-05T20:54:13.662+0000] {standard_task_runner.py:107} ERROR - Failed to execute job 15 for task download_dataset (Bash command failed. The command returned a non-zero exit code 1.; 248)
[2024-03-05T20:54:13.692+0000] {local_task_job_runner.py:234} INFO - Task exited with return code 1
[2024-03-05T20:54:13.707+0000] {taskinstance.py:3280} INFO - 0 downstream tasks scheduled from follow-on schedule check
[2024-03-05T21:12:44.459+0000] {taskinstance.py:1956} INFO - Dependencies all met for dep_context=non-requeueable deps ti=<TaskInstance: citibikedataset.download_dataset scheduled__2023-05-01T00:00:00+00:00 [queued]>
[2024-03-05T21:12:44.464+0000] {taskinstance.py:1956} INFO - Dependencies all met for dep_context=requeueable deps ti=<TaskInstance: citibikedataset.download_dataset scheduled__2023-05-01T00:00:00+00:00 [queued]>
[2024-03-05T21:12:44.464+0000] {taskinstance.py:2170} INFO - Starting attempt 1 of 2
[2024-03-05T21:12:44.481+0000] {taskinstance.py:2191} INFO - Executing <Task(BashOperator): download_dataset> on 2023-05-01 00:00:00+00:00
[2024-03-05T21:12:44.488+0000] {standard_task_runner.py:60} INFO - Started process 787 to run task
[2024-03-05T21:12:44.491+0000] {standard_task_runner.py:87} INFO - Running: ['***', 'tasks', 'run', 'citibikedataset', 'download_dataset', 'scheduled__2023-05-01T00:00:00+00:00', '--job-id', '45', '--raw', '--subdir', 'DAGS_FOLDER/dag_citibikenyc.py', '--cfg-path', '/tmp/tmp15v2z5io']
[2024-03-05T21:12:44.492+0000] {standard_task_runner.py:88} INFO - Job 45: Subtask download_dataset
[2024-03-05T21:12:44.525+0000] {task_command.py:423} INFO - Running <TaskInstance: citibikedataset.download_dataset scheduled__2023-05-01T00:00:00+00:00 [running]> on host 8277132cfd53
[2024-03-05T21:12:44.547+0000] {abstractoperator.py:707} ERROR - Exception rendering Jinja template for task 'download_dataset', field 'bash_command'. Template: "sh ${AIRFLOW_HOME}/include/download_bike_dataset.sh {{ ds.strftime('%Y') }} {{ ds.strftime('%m') }}"
Traceback (most recent call last):
  File "/home/airflow/.local/lib/python3.8/site-packages/airflow/models/abstractoperator.py", line 699, in _do_render_template_fields
    rendered_content = self.render_template(
  File "/home/airflow/.local/lib/python3.8/site-packages/airflow/template/templater.py", line 174, in render_template
    return self._render(template, context)
  File "/home/airflow/.local/lib/python3.8/site-packages/airflow/models/abstractoperator.py", line 654, in _render
    return super()._render(template, context, dag=dag)
  File "/home/airflow/.local/lib/python3.8/site-packages/airflow/template/templater.py", line 131, in _render
    return render_template_to_string(template, context)
  File "/home/airflow/.local/lib/python3.8/site-packages/airflow/utils/helpers.py", line 289, in render_template_to_string
    return render_template(template, cast(MutableMapping[str, Any], context), native=False)
  File "/home/airflow/.local/lib/python3.8/site-packages/airflow/utils/helpers.py", line 284, in render_template
    return "".join(nodes)
  File "<template>", line 13, in root
  File "/home/airflow/.local/lib/python3.8/site-packages/jinja2/sandbox.py", line 391, in call
    if not __self.is_safe_callable(__obj):
  File "/home/airflow/.local/lib/python3.8/site-packages/jinja2/sandbox.py", line 275, in is_safe_callable
    getattr(obj, "unsafe_callable", False) or getattr(obj, "alters_data", False)
  File "/home/airflow/.local/lib/python3.8/site-packages/jinja2/runtime.py", line 859, in __getattr__
    return self._fail_with_undefined_error()
  File "/home/airflow/.local/lib/python3.8/site-packages/jinja2/runtime.py", line 852, in _fail_with_undefined_error
    raise self._undefined_exception(self._undefined_message)
jinja2.exceptions.UndefinedError: 'str object' has no attribute 'strftime'
[2024-03-05T21:12:44.548+0000] {taskinstance.py:2698} ERROR - Task failed with exception
Traceback (most recent call last):
  File "/home/airflow/.local/lib/python3.8/site-packages/airflow/models/taskinstance.py", line 2334, in _run_raw_task
    self._execute_task_with_callbacks(context, test_mode, session=session)
  File "/home/airflow/.local/lib/python3.8/site-packages/airflow/models/taskinstance.py", line 2465, in _execute_task_with_callbacks
    task_orig = self.render_templates(context=context)
  File "/home/airflow/.local/lib/python3.8/site-packages/airflow/models/taskinstance.py", line 2877, in render_templates
    original_task.render_template_fields(context)
  File "/home/airflow/.local/lib/python3.8/site-packages/airflow/models/baseoperator.py", line 1241, in render_template_fields
    self._do_render_template_fields(self, self.template_fields, context, jinja_env, set())
  File "/home/airflow/.local/lib/python3.8/site-packages/airflow/utils/session.py", line 79, in wrapper
    return func(*args, session=session, **kwargs)
  File "/home/airflow/.local/lib/python3.8/site-packages/airflow/models/abstractoperator.py", line 699, in _do_render_template_fields
    rendered_content = self.render_template(
  File "/home/airflow/.local/lib/python3.8/site-packages/airflow/template/templater.py", line 174, in render_template
    return self._render(template, context)
  File "/home/airflow/.local/lib/python3.8/site-packages/airflow/models/abstractoperator.py", line 654, in _render
    return super()._render(template, context, dag=dag)
  File "/home/airflow/.local/lib/python3.8/site-packages/airflow/template/templater.py", line 131, in _render
    return render_template_to_string(template, context)
  File "/home/airflow/.local/lib/python3.8/site-packages/airflow/utils/helpers.py", line 289, in render_template_to_string
    return render_template(template, cast(MutableMapping[str, Any], context), native=False)
  File "/home/airflow/.local/lib/python3.8/site-packages/airflow/utils/helpers.py", line 284, in render_template
    return "".join(nodes)
  File "<template>", line 13, in root
  File "/home/airflow/.local/lib/python3.8/site-packages/jinja2/sandbox.py", line 391, in call
    if not __self.is_safe_callable(__obj):
  File "/home/airflow/.local/lib/python3.8/site-packages/jinja2/sandbox.py", line 275, in is_safe_callable
    getattr(obj, "unsafe_callable", False) or getattr(obj, "alters_data", False)
  File "/home/airflow/.local/lib/python3.8/site-packages/jinja2/runtime.py", line 859, in __getattr__
    return self._fail_with_undefined_error()
  File "/home/airflow/.local/lib/python3.8/site-packages/jinja2/runtime.py", line 852, in _fail_with_undefined_error
    raise self._undefined_exception(self._undefined_message)
jinja2.exceptions.UndefinedError: 'str object' has no attribute 'strftime'
[2024-03-05T21:12:44.552+0000] {taskinstance.py:1138} INFO - Marking task as UP_FOR_RETRY. dag_id=citibikedataset, task_id=download_dataset, execution_date=20230501T000000, start_date=20240305T211244, end_date=20240305T211244
[2024-03-05T21:12:44.558+0000] {standard_task_runner.py:107} ERROR - Failed to execute job 45 for task download_dataset ('str object' has no attribute 'strftime'; 787)
[2024-03-05T21:12:44.583+0000] {local_task_job_runner.py:234} INFO - Task exited with return code 1
[2024-03-05T21:12:44.597+0000] {taskinstance.py:3280} INFO - 0 downstream tasks scheduled from follow-on schedule check
[2024-03-06T13:27:06.948+0000] {taskinstance.py:1956} INFO - Dependencies all met for dep_context=non-requeueable deps ti=<TaskInstance: citibikedataset.download_dataset scheduled__2023-05-01T00:00:00+00:00 [queued]>
[2024-03-06T13:27:06.954+0000] {taskinstance.py:1956} INFO - Dependencies all met for dep_context=requeueable deps ti=<TaskInstance: citibikedataset.download_dataset scheduled__2023-05-01T00:00:00+00:00 [queued]>
[2024-03-06T13:27:06.954+0000] {taskinstance.py:2170} INFO - Starting attempt 1 of 2
[2024-03-06T13:27:06.963+0000] {taskinstance.py:2191} INFO - Executing <Task(BashOperator): download_dataset> on 2023-05-01 00:00:00+00:00
[2024-03-06T13:27:06.966+0000] {standard_task_runner.py:60} INFO - Started process 509 to run task
[2024-03-06T13:27:06.969+0000] {standard_task_runner.py:87} INFO - Running: ['***', 'tasks', 'run', 'citibikedataset', 'download_dataset', 'scheduled__2023-05-01T00:00:00+00:00', '--job-id', '79', '--raw', '--subdir', 'DAGS_FOLDER/dag_citibikenyc.py', '--cfg-path', '/tmp/tmppau_7ssp']
[2024-03-06T13:27:06.970+0000] {standard_task_runner.py:88} INFO - Job 79: Subtask download_dataset
[2024-03-06T13:27:07.007+0000] {task_command.py:423} INFO - Running <TaskInstance: citibikedataset.download_dataset scheduled__2023-05-01T00:00:00+00:00 [running]> on host 45431f0a53e1
[2024-03-06T13:27:07.048+0000] {logging_mixin.py:188} WARNING - /home/***/.local/lib/python3.8/site-packages/***/utils/context.py:207 AirflowContextDeprecationWarning: Accessing 'next_execution_date' from the template is deprecated and will be removed in a future version. Please use 'data_interval_end' instead.
[2024-03-06T13:27:07.068+0000] {taskinstance.py:2480} INFO - Exporting env vars: AIRFLOW_CTX_DAG_OWNER='felipeparfitt' AIRFLOW_CTX_DAG_ID='citibikedataset' AIRFLOW_CTX_TASK_ID='download_dataset' AIRFLOW_CTX_EXECUTION_DATE='2023-05-01T00:00:00+00:00' AIRFLOW_CTX_TRY_NUMBER='1' AIRFLOW_CTX_DAG_RUN_ID='scheduled__2023-05-01T00:00:00+00:00'
[2024-03-06T13:27:07.069+0000] {subprocess.py:63} INFO - Tmp dir root location: /tmp
[2024-03-06T13:27:07.069+0000] {subprocess.py:75} INFO - Running command: ['/usr/bin/bash', '-c', 'sh ${AIRFLOW_HOME}/include/download_bike_dataset.sh         2023 06']
[2024-03-06T13:27:07.074+0000] {subprocess.py:86} INFO - Output:
[2024-03-06T13:27:07.077+0000] {subprocess.py:93} INFO - 
[2024-03-06T13:27:07.077+0000] {subprocess.py:93} INFO - Downloading citibike dataset from 2023/06
[2024-03-06T13:27:07.081+0000] {subprocess.py:93} INFO -   % Total    % Received % Xferd  Average Speed   Time    Time     Time  Current
[2024-03-06T13:27:07.082+0000] {subprocess.py:93} INFO -                                  Dload  Upload   Total   Spent    Left  Speed
[2024-03-06T13:27:09.118+0000] {subprocess.py:93} INFO -   0     0    0     0    0     0      0      0 --:--:-- --:--:-- --:--:--     0  0     0    0     0    0     0      0      0 --:--:-- --:--:-- --:--:--     0  4 3256k    4  135k    0     0   103k      0  0:00:31  0:00:01  0:00:30  103k100 3256k  100 3256k    0     0  1599k      0  0:00:02  0:00:02 --:--:-- 1599k
[2024-03-06T13:27:09.119+0000] {subprocess.py:93} INFO - 
[2024-03-06T13:27:09.119+0000] {subprocess.py:93} INFO - Download completed successfully!
[2024-03-06T13:27:09.119+0000] {subprocess.py:97} INFO - Command exited with return code 0
[2024-03-06T13:27:09.131+0000] {taskinstance.py:1138} INFO - Marking task as SUCCESS. dag_id=citibikedataset, task_id=download_dataset, execution_date=20230501T000000, start_date=20240306T132706, end_date=20240306T132709
[2024-03-06T13:27:09.149+0000] {local_task_job_runner.py:234} INFO - Task exited with return code 0
[2024-03-06T13:27:09.157+0000] {taskinstance.py:3280} INFO - 0 downstream tasks scheduled from follow-on schedule check
[2024-03-06T17:35:45.442+0000] {taskinstance.py:1956} INFO - Dependencies all met for dep_context=non-requeueable deps ti=<TaskInstance: citibikedataset.download_dataset scheduled__2023-05-01T00:00:00+00:00 [queued]>
[2024-03-06T17:35:45.447+0000] {taskinstance.py:1956} INFO - Dependencies all met for dep_context=requeueable deps ti=<TaskInstance: citibikedataset.download_dataset scheduled__2023-05-01T00:00:00+00:00 [queued]>
[2024-03-06T17:35:45.447+0000] {taskinstance.py:2170} INFO - Starting attempt 1 of 2
[2024-03-06T17:35:45.454+0000] {taskinstance.py:2191} INFO - Executing <Task(BashOperator): download_dataset> on 2023-05-01 00:00:00+00:00
[2024-03-06T17:35:45.457+0000] {standard_task_runner.py:60} INFO - Started process 1228 to run task
[2024-03-06T17:35:45.459+0000] {standard_task_runner.py:87} INFO - Running: ['***', 'tasks', 'run', 'citibikedataset', 'download_dataset', 'scheduled__2023-05-01T00:00:00+00:00', '--job-id', '104', '--raw', '--subdir', 'DAGS_FOLDER/dag_citibikenyc.py', '--cfg-path', '/tmp/tmp3b3ui3d0']
[2024-03-06T17:35:45.460+0000] {standard_task_runner.py:88} INFO - Job 104: Subtask download_dataset
[2024-03-06T17:35:45.484+0000] {task_command.py:423} INFO - Running <TaskInstance: citibikedataset.download_dataset scheduled__2023-05-01T00:00:00+00:00 [running]> on host e43ee8560afa
[2024-03-06T17:35:45.512+0000] {logging_mixin.py:188} WARNING - /home/***/.local/lib/python3.8/site-packages/***/utils/context.py:207 AirflowContextDeprecationWarning: Accessing 'next_execution_date' from the template is deprecated and will be removed in a future version. Please use 'data_interval_end' instead.
[2024-03-06T17:35:45.528+0000] {taskinstance.py:2480} INFO - Exporting env vars: AIRFLOW_CTX_DAG_OWNER='felipeparfitt' AIRFLOW_CTX_DAG_ID='citibikedataset' AIRFLOW_CTX_TASK_ID='download_dataset' AIRFLOW_CTX_EXECUTION_DATE='2023-05-01T00:00:00+00:00' AIRFLOW_CTX_TRY_NUMBER='1' AIRFLOW_CTX_DAG_RUN_ID='scheduled__2023-05-01T00:00:00+00:00'
[2024-03-06T17:35:45.529+0000] {subprocess.py:63} INFO - Tmp dir root location: /tmp
[2024-03-06T17:35:45.530+0000] {subprocess.py:75} INFO - Running command: ['/usr/bin/bash', '-c', 'sh ${AIRFLOW_HOME}/include/download_bike_dataset.sh         2023 06']
[2024-03-06T17:35:45.535+0000] {subprocess.py:86} INFO - Output:
[2024-03-06T17:35:45.536+0000] {subprocess.py:93} INFO - 
[2024-03-06T17:35:45.536+0000] {subprocess.py:93} INFO - Downloading citibike dataset from 2023/06
[2024-03-06T17:35:45.541+0000] {subprocess.py:93} INFO -   % Total    % Received % Xferd  Average Speed   Time    Time     Time  Current
[2024-03-06T17:35:45.541+0000] {subprocess.py:93} INFO -                                  Dload  Upload   Total   Spent    Left  Speed
[2024-03-06T17:35:47.200+0000] {subprocess.py:93} INFO -   0     0    0     0    0     0      0      0 --:--:-- --:--:-- --:--:--     0  0     0    0     0    0     0      0      0 --:--:-- --:--:-- --:--:--     0 23 3256k   23  780k    0     0   583k      0  0:00:05  0:00:01  0:00:04  583k100 3256k  100 3256k    0     0  1962k      0  0:00:01  0:00:01 --:--:-- 1961k
[2024-03-06T17:35:47.202+0000] {subprocess.py:93} INFO - Archive:  /opt/***/include/dataset/raw/2023/06/JC-202306-citibike-tripdata.csv.zip
[2024-03-06T17:35:47.275+0000] {subprocess.py:93} INFO -   inflating: /opt/***/include/dataset/raw/2023/06/JC-202306-citibike-tripdata.csv
[2024-03-06T17:35:47.275+0000] {subprocess.py:93} INFO -   inflating: /opt/***/include/dataset/raw/2023/06/__MACOSX/._JC-202306-citibike-tripdata.csv
[2024-03-06T17:35:47.277+0000] {subprocess.py:93} INFO - 	zip warning: name not matched: JC-202306-citibike-tripdata.csv
[2024-03-06T17:35:47.277+0000] {subprocess.py:93} INFO - 
[2024-03-06T17:35:47.278+0000] {subprocess.py:93} INFO - zip error: Nothing to do! (/opt/***/include/dataset/raw/2023/06/JC-202306-citibike-tripdata.csv.zip)
[2024-03-06T17:35:47.278+0000] {subprocess.py:93} INFO - 
[2024-03-06T17:35:47.278+0000] {subprocess.py:93} INFO - Download completed successfully!
[2024-03-06T17:35:47.278+0000] {subprocess.py:97} INFO - Command exited with return code 0
[2024-03-06T17:35:47.292+0000] {taskinstance.py:1138} INFO - Marking task as SUCCESS. dag_id=citibikedataset, task_id=download_dataset, execution_date=20230501T000000, start_date=20240306T173545, end_date=20240306T173547
[2024-03-06T17:35:47.317+0000] {local_task_job_runner.py:234} INFO - Task exited with return code 0
[2024-03-06T17:35:47.328+0000] {taskinstance.py:3280} INFO - 0 downstream tasks scheduled from follow-on schedule check
[2024-03-06T17:39:48.286+0000] {taskinstance.py:1956} INFO - Dependencies all met for dep_context=non-requeueable deps ti=<TaskInstance: citibikedataset.download_dataset scheduled__2023-05-01T00:00:00+00:00 [queued]>
[2024-03-06T17:39:48.291+0000] {taskinstance.py:1956} INFO - Dependencies all met for dep_context=requeueable deps ti=<TaskInstance: citibikedataset.download_dataset scheduled__2023-05-01T00:00:00+00:00 [queued]>
[2024-03-06T17:39:48.292+0000] {taskinstance.py:2170} INFO - Starting attempt 1 of 2
[2024-03-06T17:39:48.299+0000] {taskinstance.py:2191} INFO - Executing <Task(BashOperator): download_dataset> on 2023-05-01 00:00:00+00:00
[2024-03-06T17:39:48.302+0000] {standard_task_runner.py:60} INFO - Started process 1407 to run task
[2024-03-06T17:39:48.304+0000] {standard_task_runner.py:87} INFO - Running: ['***', 'tasks', 'run', 'citibikedataset', 'download_dataset', 'scheduled__2023-05-01T00:00:00+00:00', '--job-id', '114', '--raw', '--subdir', 'DAGS_FOLDER/dag_citibikenyc.py', '--cfg-path', '/tmp/tmp84y7gvf8']
[2024-03-06T17:39:48.305+0000] {standard_task_runner.py:88} INFO - Job 114: Subtask download_dataset
[2024-03-06T17:39:48.330+0000] {task_command.py:423} INFO - Running <TaskInstance: citibikedataset.download_dataset scheduled__2023-05-01T00:00:00+00:00 [running]> on host e43ee8560afa
[2024-03-06T17:39:48.361+0000] {logging_mixin.py:188} WARNING - /home/***/.local/lib/python3.8/site-packages/***/utils/context.py:207 AirflowContextDeprecationWarning: Accessing 'next_execution_date' from the template is deprecated and will be removed in a future version. Please use 'data_interval_end' instead.
[2024-03-06T17:39:48.379+0000] {taskinstance.py:2480} INFO - Exporting env vars: AIRFLOW_CTX_DAG_OWNER='felipeparfitt' AIRFLOW_CTX_DAG_ID='citibikedataset' AIRFLOW_CTX_TASK_ID='download_dataset' AIRFLOW_CTX_EXECUTION_DATE='2023-05-01T00:00:00+00:00' AIRFLOW_CTX_TRY_NUMBER='1' AIRFLOW_CTX_DAG_RUN_ID='scheduled__2023-05-01T00:00:00+00:00'
[2024-03-06T17:39:48.380+0000] {subprocess.py:63} INFO - Tmp dir root location: /tmp
[2024-03-06T17:39:48.381+0000] {subprocess.py:75} INFO - Running command: ['/usr/bin/bash', '-c', 'sh ${AIRFLOW_HOME}/include/download_bike_dataset.sh         2023 06']
[2024-03-06T17:39:48.386+0000] {subprocess.py:86} INFO - Output:
[2024-03-06T17:39:48.387+0000] {subprocess.py:93} INFO - 
[2024-03-06T17:39:48.387+0000] {subprocess.py:93} INFO - Downloading citibike dataset from 2023/06
[2024-03-06T17:39:48.392+0000] {subprocess.py:93} INFO -   % Total    % Received % Xferd  Average Speed   Time    Time     Time  Current
[2024-03-06T17:39:48.392+0000] {subprocess.py:93} INFO -                                  Dload  Upload   Total   Spent    Left  Speed
[2024-03-06T17:39:50.161+0000] {subprocess.py:93} INFO -   0     0    0     0    0     0      0      0 --:--:-- --:--:-- --:--:--     0  0 3256k    0   510    0     0    813      0  1:08:21 --:--:--  1:08:21   813 34 3256k   34 1134k    0     0   720k      0  0:00:04  0:00:01  0:00:03  721k100 3256k  100 3256k    0     0  1840k      0  0:00:01  0:00:01 --:--:-- 1840k
[2024-03-06T17:39:50.164+0000] {subprocess.py:93} INFO - Archive:  /opt/***/include/dataset/raw/2023/06/JC-202306-citibike-tripdata.csv.zip
[2024-03-06T17:39:50.237+0000] {subprocess.py:93} INFO -   inflating: /opt/***/include/dataset/raw/2023/06/JC-202306-citibike-tripdata.csv
[2024-03-06T17:39:50.237+0000] {subprocess.py:93} INFO -   inflating: /opt/***/include/dataset/raw/2023/06/__MACOSX/._JC-202306-citibike-tripdata.csv
[2024-03-06T17:39:50.540+0000] {subprocess.py:93} INFO -   adding: opt/***/include/dataset/raw/2023/06/JC-202306-citibike-tripdata.csv (deflated 83%)
[2024-03-06T17:39:50.542+0000] {subprocess.py:93} INFO - 
[2024-03-06T17:39:50.542+0000] {subprocess.py:93} INFO - Download completed successfully!
[2024-03-06T17:39:50.542+0000] {subprocess.py:97} INFO - Command exited with return code 0
[2024-03-06T17:39:50.556+0000] {taskinstance.py:1138} INFO - Marking task as SUCCESS. dag_id=citibikedataset, task_id=download_dataset, execution_date=20230501T000000, start_date=20240306T173948, end_date=20240306T173950
[2024-03-06T17:39:50.604+0000] {local_task_job_runner.py:234} INFO - Task exited with return code 0
[2024-03-06T17:39:50.615+0000] {taskinstance.py:3280} INFO - 0 downstream tasks scheduled from follow-on schedule check
[2024-03-07T14:08:32.391+0000] {taskinstance.py:1956} INFO - Dependencies all met for dep_context=non-requeueable deps ti=<TaskInstance: citibikedataset.download_dataset scheduled__2023-05-01T00:00:00+00:00 [queued]>
[2024-03-07T14:08:32.397+0000] {taskinstance.py:1956} INFO - Dependencies all met for dep_context=requeueable deps ti=<TaskInstance: citibikedataset.download_dataset scheduled__2023-05-01T00:00:00+00:00 [queued]>
[2024-03-07T14:08:32.397+0000] {taskinstance.py:2170} INFO - Starting attempt 1 of 2
[2024-03-07T14:08:32.404+0000] {taskinstance.py:2191} INFO - Executing <Task(BashOperator): download_dataset> on 2023-05-01 00:00:00+00:00
[2024-03-07T14:08:32.408+0000] {standard_task_runner.py:60} INFO - Started process 1374 to run task
[2024-03-07T14:08:32.410+0000] {standard_task_runner.py:87} INFO - Running: ['***', 'tasks', 'run', 'citibikedataset', 'download_dataset', 'scheduled__2023-05-01T00:00:00+00:00', '--job-id', '159', '--raw', '--subdir', 'DAGS_FOLDER/dag_citibikenyc.py', '--cfg-path', '/tmp/tmpurqno0w4']
[2024-03-07T14:08:32.411+0000] {standard_task_runner.py:88} INFO - Job 159: Subtask download_dataset
[2024-03-07T14:08:32.437+0000] {task_command.py:423} INFO - Running <TaskInstance: citibikedataset.download_dataset scheduled__2023-05-01T00:00:00+00:00 [running]> on host 0430cbdaac75
[2024-03-07T14:08:32.464+0000] {logging_mixin.py:188} WARNING - /home/***/.local/lib/python3.8/site-packages/***/utils/context.py:207 AirflowContextDeprecationWarning: Accessing 'next_execution_date' from the template is deprecated and will be removed in a future version. Please use 'data_interval_end' instead.
[2024-03-07T14:08:32.575+0000] {taskinstance.py:2480} INFO - Exporting env vars: AIRFLOW_CTX_DAG_OWNER='felipeparfitt' AIRFLOW_CTX_DAG_ID='citibikedataset' AIRFLOW_CTX_TASK_ID='download_dataset' AIRFLOW_CTX_EXECUTION_DATE='2023-05-01T00:00:00+00:00' AIRFLOW_CTX_TRY_NUMBER='1' AIRFLOW_CTX_DAG_RUN_ID='scheduled__2023-05-01T00:00:00+00:00'
[2024-03-07T14:08:32.576+0000] {subprocess.py:63} INFO - Tmp dir root location: /tmp
[2024-03-07T14:08:32.576+0000] {subprocess.py:75} INFO - Running command: ['/usr/bin/bash', '-c', 'sh ${AIRFLOW_HOME}/include/download_bike_dataset.sh         2023 06']
[2024-03-07T14:08:32.583+0000] {subprocess.py:86} INFO - Output:
[2024-03-07T14:08:32.584+0000] {subprocess.py:93} INFO - 
[2024-03-07T14:08:32.585+0000] {subprocess.py:93} INFO - Downloading citibike dataset from 2023/06
[2024-03-07T14:08:32.589+0000] {subprocess.py:93} INFO -   % Total    % Received % Xferd  Average Speed   Time    Time     Time  Current
[2024-03-07T14:08:32.589+0000] {subprocess.py:93} INFO -                                  Dload  Upload   Total   Spent    Left  Speed
[2024-03-07T14:08:34.404+0000] {subprocess.py:93} INFO -   0     0    0     0    0     0      0      0 --:--:-- --:--:-- --:--:--     0  0 3256k    0 17004    0     0  20175      0  0:02:45 --:--:--  0:02:45 20170 97 3256k   97 3165k    0     0  1745k      0  0:00:01  0:00:01 --:--:-- 1745k100 3256k  100 3256k    0     0  1794k      0  0:00:01  0:00:01 --:--:-- 1794k
[2024-03-07T14:08:34.406+0000] {subprocess.py:93} INFO - Archive:  /opt/***/include/dataset/raw/2023/06/JC-202306-citibike-tripdata.csv.zip
[2024-03-07T14:08:34.478+0000] {subprocess.py:93} INFO -   inflating: /opt/***/include/dataset/raw/2023/06/JC-202306-citibike-tripdata.csv
[2024-03-07T14:08:34.478+0000] {subprocess.py:93} INFO -   inflating: /opt/***/include/dataset/raw/2023/06/__MACOSX/._JC-202306-citibike-tripdata.csv
[2024-03-07T14:08:34.783+0000] {subprocess.py:93} INFO -   adding: opt/***/include/dataset/raw/2023/06/JC-202306-citibike-tripdata.csv (deflated 83%)
[2024-03-07T14:08:34.784+0000] {subprocess.py:93} INFO - 
[2024-03-07T14:08:34.784+0000] {subprocess.py:93} INFO - Download completed successfully!
[2024-03-07T14:08:34.785+0000] {subprocess.py:93} INFO - /opt/***/include/dataset/raw/2023/06/JC-202306-citibike-tripdata.csv.zip
[2024-03-07T14:08:34.785+0000] {subprocess.py:97} INFO - Command exited with return code 0
[2024-03-07T14:08:34.799+0000] {taskinstance.py:1138} INFO - Marking task as SUCCESS. dag_id=citibikedataset, task_id=download_dataset, execution_date=20230501T000000, start_date=20240307T140832, end_date=20240307T140834
[2024-03-07T14:08:34.830+0000] {local_task_job_runner.py:234} INFO - Task exited with return code 0
[2024-03-07T14:08:34.844+0000] {taskinstance.py:3280} INFO - 1 downstream tasks scheduled from follow-on schedule check
[2024-03-07T17:56:01.282+0000] {taskinstance.py:1956} INFO - Dependencies all met for dep_context=non-requeueable deps ti=<TaskInstance: citibikedataset.download_dataset scheduled__2023-05-01T00:00:00+00:00 [queued]>
[2024-03-07T17:56:01.287+0000] {taskinstance.py:1956} INFO - Dependencies all met for dep_context=requeueable deps ti=<TaskInstance: citibikedataset.download_dataset scheduled__2023-05-01T00:00:00+00:00 [queued]>
[2024-03-07T17:56:01.287+0000] {taskinstance.py:2170} INFO - Starting attempt 1 of 2
[2024-03-07T17:56:01.295+0000] {taskinstance.py:2191} INFO - Executing <Task(BashOperator): download_dataset> on 2023-05-01 00:00:00+00:00
[2024-03-07T17:56:01.299+0000] {standard_task_runner.py:60} INFO - Started process 507 to run task
[2024-03-07T17:56:01.301+0000] {standard_task_runner.py:87} INFO - Running: ['***', 'tasks', 'run', 'citibikedataset', 'download_dataset', 'scheduled__2023-05-01T00:00:00+00:00', '--job-id', '220', '--raw', '--subdir', 'DAGS_FOLDER/dag_citibikenyc.py', '--cfg-path', '/tmp/tmpd2pvxqhq']
[2024-03-07T17:56:01.302+0000] {standard_task_runner.py:88} INFO - Job 220: Subtask download_dataset
[2024-03-07T17:56:01.327+0000] {task_command.py:423} INFO - Running <TaskInstance: citibikedataset.download_dataset scheduled__2023-05-01T00:00:00+00:00 [running]> on host a0c898e5643f
[2024-03-07T17:56:01.357+0000] {logging_mixin.py:188} WARNING - /home/***/.local/lib/python3.8/site-packages/***/utils/context.py:207 AirflowContextDeprecationWarning: Accessing 'next_execution_date' from the template is deprecated and will be removed in a future version. Please use 'data_interval_end' instead.
[2024-03-07T17:56:01.376+0000] {taskinstance.py:2480} INFO - Exporting env vars: AIRFLOW_CTX_DAG_OWNER='felipeparfitt' AIRFLOW_CTX_DAG_ID='citibikedataset' AIRFLOW_CTX_TASK_ID='download_dataset' AIRFLOW_CTX_EXECUTION_DATE='2023-05-01T00:00:00+00:00' AIRFLOW_CTX_TRY_NUMBER='1' AIRFLOW_CTX_DAG_RUN_ID='scheduled__2023-05-01T00:00:00+00:00'
[2024-03-07T17:56:01.378+0000] {subprocess.py:63} INFO - Tmp dir root location: /tmp
[2024-03-07T17:56:01.378+0000] {subprocess.py:75} INFO - Running command: ['/usr/bin/bash', '-c', 'sh ${AIRFLOW_HOME}/include/download_bike_dataset.sh         2023 06']
[2024-03-07T17:56:01.388+0000] {subprocess.py:86} INFO - Output:
[2024-03-07T17:56:01.390+0000] {subprocess.py:93} INFO - 
[2024-03-07T17:56:01.390+0000] {subprocess.py:93} INFO - Downloading citibike dataset from 2023/06
[2024-03-07T17:56:01.395+0000] {subprocess.py:93} INFO -   % Total    % Received % Xferd  Average Speed   Time    Time     Time  Current
[2024-03-07T17:56:01.396+0000] {subprocess.py:93} INFO -                                  Dload  Upload   Total   Spent    Left  Speed
[2024-03-07T17:56:04.192+0000] {subprocess.py:93} INFO -   0     0    0     0    0     0      0      0 --:--:-- --:--:-- --:--:--     0  0     0    0     0    0     0      0      0 --:--:--  0:00:01 --:--:--     0  2 3256k    2 85503    0     0  43100      0  0:01:17  0:00:01  0:01:16 43096100 3256k  100 3256k    0     0  1164k      0  0:00:02  0:00:02 --:--:-- 1164k
[2024-03-07T17:56:04.196+0000] {subprocess.py:93} INFO - Archive:  /opt/***/include/dataset/raw/2023/06/JC-202306-citibike-tripdata.csv.zip
[2024-03-07T17:56:04.268+0000] {subprocess.py:93} INFO -   inflating: /opt/***/include/dataset/raw/2023/06/JC-202306-citibike-tripdata.csv
[2024-03-07T17:56:04.269+0000] {subprocess.py:93} INFO -   inflating: /opt/***/include/dataset/raw/2023/06/__MACOSX/._JC-202306-citibike-tripdata.csv
[2024-03-07T17:56:04.573+0000] {subprocess.py:93} INFO -   adding: opt/***/include/dataset/raw/2023/06/JC-202306-citibike-tripdata.csv (deflated 83%)
[2024-03-07T17:56:04.574+0000] {subprocess.py:93} INFO - 
[2024-03-07T17:56:04.575+0000] {subprocess.py:93} INFO - Download completed successfully!
[2024-03-07T17:56:04.575+0000] {subprocess.py:93} INFO - /opt/***/include/dataset/raw/2023/06/JC-202306-citibike-tripdata.csv.zip
[2024-03-07T17:56:04.575+0000] {subprocess.py:97} INFO - Command exited with return code 0
[2024-03-07T17:56:04.588+0000] {taskinstance.py:1138} INFO - Marking task as SUCCESS. dag_id=citibikedataset, task_id=download_dataset, execution_date=20230501T000000, start_date=20240307T175601, end_date=20240307T175604
[2024-03-07T17:56:04.603+0000] {local_task_job_runner.py:234} INFO - Task exited with return code 0
[2024-03-07T17:56:04.616+0000] {taskinstance.py:3280} INFO - 1 downstream tasks scheduled from follow-on schedule check
