[2024-03-05T21:16:09.777+0000] {taskinstance.py:1956} INFO - Dependencies all met for dep_context=non-requeueable deps ti=<TaskInstance: citibikedataset.download_dataset scheduled__2022-12-01T00:00:00+00:00 [queued]>
[2024-03-05T21:16:09.781+0000] {taskinstance.py:1956} INFO - Dependencies all met for dep_context=requeueable deps ti=<TaskInstance: citibikedataset.download_dataset scheduled__2022-12-01T00:00:00+00:00 [queued]>
[2024-03-05T21:16:09.781+0000] {taskinstance.py:2170} INFO - Starting attempt 5 of 6
[2024-03-05T21:16:09.788+0000] {taskinstance.py:2191} INFO - Executing <Task(BashOperator): download_dataset> on 2022-12-01 00:00:00+00:00
[2024-03-05T21:16:09.792+0000] {standard_task_runner.py:60} INFO - Started process 186 to run task
[2024-03-05T21:16:09.794+0000] {standard_task_runner.py:87} INFO - Running: ['***', 'tasks', 'run', 'citibikedataset', 'download_dataset', 'scheduled__2022-12-01T00:00:00+00:00', '--job-id', '71', '--raw', '--subdir', 'DAGS_FOLDER/dag_citibikenyc.py', '--cfg-path', '/tmp/tmp4owmoe15']
[2024-03-05T21:16:09.795+0000] {standard_task_runner.py:88} INFO - Job 71: Subtask download_dataset
[2024-03-05T21:16:09.820+0000] {task_command.py:423} INFO - Running <TaskInstance: citibikedataset.download_dataset scheduled__2022-12-01T00:00:00+00:00 [running]> on host 8277132cfd53
[2024-03-05T21:16:09.848+0000] {logging_mixin.py:188} WARNING - /home/***/.local/lib/python3.8/site-packages/***/utils/context.py:207 AirflowContextDeprecationWarning: Accessing 'next_execution_date' from the template is deprecated and will be removed in a future version. Please use 'data_interval_end' instead.
[2024-03-05T21:16:09.867+0000] {taskinstance.py:2480} INFO - Exporting env vars: AIRFLOW_CTX_DAG_OWNER='felipeparfitt' AIRFLOW_CTX_DAG_ID='citibikedataset' AIRFLOW_CTX_TASK_ID='download_dataset' AIRFLOW_CTX_EXECUTION_DATE='2022-12-01T00:00:00+00:00' AIRFLOW_CTX_TRY_NUMBER='5' AIRFLOW_CTX_DAG_RUN_ID='scheduled__2022-12-01T00:00:00+00:00'
[2024-03-05T21:16:09.867+0000] {subprocess.py:63} INFO - Tmp dir root location: /tmp
[2024-03-05T21:16:09.868+0000] {subprocess.py:75} INFO - Running command: ['/usr/bin/bash', '-c', 'sh ${AIRFLOW_HOME}/include/download_bike_dataset.sh 2023 01']
[2024-03-05T21:16:09.875+0000] {subprocess.py:86} INFO - Output:
[2024-03-05T21:16:09.876+0000] {subprocess.py:93} INFO - 
[2024-03-05T21:16:09.876+0000] {subprocess.py:93} INFO - Downloading citibike dataset from 2023/01
[2024-03-05T21:16:09.881+0000] {subprocess.py:93} INFO -   % Total    % Received % Xferd  Average Speed   Time    Time     Time  Current
[2024-03-05T21:16:09.881+0000] {subprocess.py:93} INFO -                                  Dload  Upload   Total   Spent    Left  Speed
[2024-03-05T21:16:11.473+0000] {subprocess.py:93} INFO -   0     0    0     0    0     0      0      0 --:--:-- --:--:-- --:--:--     0  0     0    0     0    0     0      0      0 --:--:-- --:--:-- --:--:--     0 20 1820k   20  375k    0     0   323k      0  0:00:05  0:00:01  0:00:04  322k100 1820k  100 1820k    0     0  1143k      0  0:00:01  0:00:01 --:--:-- 1142k
[2024-03-05T21:16:11.474+0000] {subprocess.py:93} INFO - 
[2024-03-05T21:16:11.474+0000] {subprocess.py:93} INFO - Download completed successfully!
[2024-03-05T21:16:11.474+0000] {subprocess.py:97} INFO - Command exited with return code 0
[2024-03-05T21:16:11.488+0000] {taskinstance.py:1138} INFO - Marking task as SUCCESS. dag_id=citibikedataset, task_id=download_dataset, execution_date=20221201T000000, start_date=20240305T211609, end_date=20240305T211611
[2024-03-05T21:16:11.532+0000] {local_task_job_runner.py:234} INFO - Task exited with return code 0
[2024-03-05T21:16:11.548+0000] {taskinstance.py:3280} INFO - 0 downstream tasks scheduled from follow-on schedule check
[2024-03-07T13:48:40.972+0000] {taskinstance.py:1956} INFO - Dependencies all met for dep_context=non-requeueable deps ti=<TaskInstance: citibikedataset.download_dataset scheduled__2022-12-01T00:00:00+00:00 [queued]>
[2024-03-07T13:48:40.977+0000] {taskinstance.py:1956} INFO - Dependencies all met for dep_context=requeueable deps ti=<TaskInstance: citibikedataset.download_dataset scheduled__2022-12-01T00:00:00+00:00 [queued]>
[2024-03-07T13:48:40.977+0000] {taskinstance.py:2170} INFO - Starting attempt 5 of 6
[2024-03-07T13:48:40.985+0000] {taskinstance.py:2191} INFO - Executing <Task(BashOperator): download_dataset> on 2022-12-01 00:00:00+00:00
[2024-03-07T13:48:40.989+0000] {standard_task_runner.py:60} INFO - Started process 647 to run task
[2024-03-07T13:48:40.992+0000] {standard_task_runner.py:87} INFO - Running: ['***', 'tasks', 'run', 'citibikedataset', 'download_dataset', 'scheduled__2022-12-01T00:00:00+00:00', '--job-id', '131', '--raw', '--subdir', 'DAGS_FOLDER/dag_citibikenyc.py', '--cfg-path', '/tmp/tmpewcylywm']
[2024-03-07T13:48:40.993+0000] {standard_task_runner.py:88} INFO - Job 131: Subtask download_dataset
[2024-03-07T13:48:41.024+0000] {task_command.py:423} INFO - Running <TaskInstance: citibikedataset.download_dataset scheduled__2022-12-01T00:00:00+00:00 [running]> on host 0430cbdaac75
[2024-03-07T13:48:41.055+0000] {logging_mixin.py:188} WARNING - /home/***/.local/lib/python3.8/site-packages/***/utils/context.py:207 AirflowContextDeprecationWarning: Accessing 'next_execution_date' from the template is deprecated and will be removed in a future version. Please use 'data_interval_end' instead.
[2024-03-07T13:48:41.195+0000] {taskinstance.py:2480} INFO - Exporting env vars: AIRFLOW_CTX_DAG_OWNER='felipeparfitt' AIRFLOW_CTX_DAG_ID='citibikedataset' AIRFLOW_CTX_TASK_ID='download_dataset' AIRFLOW_CTX_EXECUTION_DATE='2022-12-01T00:00:00+00:00' AIRFLOW_CTX_TRY_NUMBER='5' AIRFLOW_CTX_DAG_RUN_ID='scheduled__2022-12-01T00:00:00+00:00'
[2024-03-07T13:48:41.196+0000] {subprocess.py:63} INFO - Tmp dir root location: /tmp
[2024-03-07T13:48:41.196+0000] {subprocess.py:75} INFO - Running command: ['/usr/bin/bash', '-c', 'sh ${AIRFLOW_HOME}/include/download_bike_dataset.sh         2023 01']
[2024-03-07T13:48:41.203+0000] {subprocess.py:86} INFO - Output:
[2024-03-07T13:48:41.204+0000] {subprocess.py:93} INFO - 
[2024-03-07T13:48:41.204+0000] {subprocess.py:93} INFO - Downloading citibike dataset from 2023/01
[2024-03-07T13:48:41.209+0000] {subprocess.py:93} INFO -   % Total    % Received % Xferd  Average Speed   Time    Time     Time  Current
[2024-03-07T13:48:41.209+0000] {subprocess.py:93} INFO -                                  Dload  Upload   Total   Spent    Left  Speed
[2024-03-07T13:48:43.984+0000] {subprocess.py:93} INFO -   0     0    0     0    0     0      0      0 --:--:-- --:--:-- --:--:--     0  0     0    0     0    0     0      0      0 --:--:-- --:--:-- --:--:--     0  0     0    0     0    0     0      0      0 --:--:--  0:00:01 --:--:--     0  7 1820k    7  134k    0     0  61652      0  0:00:30  0:00:02  0:00:28 61650100 1820k  100 1820k    0     0   656k      0  0:00:02  0:00:02 --:--:--  656k
[2024-03-07T13:48:43.986+0000] {subprocess.py:93} INFO - Archive:  /opt/***/include/dataset/raw/2023/01/JC-202301-citibike-tripdata.csv.zip
[2024-03-07T13:48:44.034+0000] {subprocess.py:93} INFO -   inflating: /opt/***/include/dataset/raw/2023/01/JC-202301-citibike-tripdata.csv
[2024-03-07T13:48:44.035+0000] {subprocess.py:93} INFO -   inflating: /opt/***/include/dataset/raw/2023/01/__MACOSX/._JC-202301-citibike-tripdata.csv
[2024-03-07T13:48:44.206+0000] {subprocess.py:93} INFO -   adding: opt/***/include/dataset/raw/2023/01/JC-202301-citibike-tripdata.csv (deflated 84%)
[2024-03-07T13:48:44.207+0000] {subprocess.py:93} INFO - 
[2024-03-07T13:48:44.207+0000] {subprocess.py:93} INFO - Download completed successfully!
[2024-03-07T13:48:44.207+0000] {subprocess.py:93} INFO - /opt/***/include/dataset/raw/2023/01/JC-202301-citibike-tripdata.csv.zip
[2024-03-07T13:48:44.207+0000] {subprocess.py:97} INFO - Command exited with return code 0
[2024-03-07T13:48:44.221+0000] {taskinstance.py:1138} INFO - Marking task as SUCCESS. dag_id=citibikedataset, task_id=download_dataset, execution_date=20221201T000000, start_date=20240307T134840, end_date=20240307T134844
[2024-03-07T13:48:44.254+0000] {local_task_job_runner.py:234} INFO - Task exited with return code 0
[2024-03-07T13:48:44.266+0000] {taskinstance.py:3280} INFO - 0 downstream tasks scheduled from follow-on schedule check
[2024-03-07T20:37:05.324+0000] {taskinstance.py:1956} INFO - Dependencies all met for dep_context=non-requeueable deps ti=<TaskInstance: citibikedataset.download_dataset scheduled__2022-12-01T00:00:00+00:00 [queued]>
[2024-03-07T20:37:05.418+0000] {taskinstance.py:1956} INFO - Dependencies all met for dep_context=requeueable deps ti=<TaskInstance: citibikedataset.download_dataset scheduled__2022-12-01T00:00:00+00:00 [queued]>
[2024-03-07T20:37:05.418+0000] {taskinstance.py:2170} INFO - Starting attempt 5 of 6
[2024-03-07T20:37:05.425+0000] {taskinstance.py:2191} INFO - Executing <Task(BashOperator): download_dataset> on 2022-12-01 00:00:00+00:00
[2024-03-07T20:37:05.429+0000] {standard_task_runner.py:60} INFO - Started process 4736 to run task
[2024-03-07T20:37:05.431+0000] {standard_task_runner.py:87} INFO - Running: ['***', 'tasks', 'run', 'citibikedataset', 'download_dataset', 'scheduled__2022-12-01T00:00:00+00:00', '--job-id', '318', '--raw', '--subdir', 'DAGS_FOLDER/dag_citibikenyc.py', '--cfg-path', '/tmp/tmpbjnef1t_']
[2024-03-07T20:37:05.433+0000] {standard_task_runner.py:88} INFO - Job 318: Subtask download_dataset
[2024-03-07T20:37:05.460+0000] {task_command.py:423} INFO - Running <TaskInstance: citibikedataset.download_dataset scheduled__2022-12-01T00:00:00+00:00 [running]> on host a0c898e5643f
[2024-03-07T20:37:05.488+0000] {logging_mixin.py:188} WARNING - /home/***/.local/lib/python3.8/site-packages/***/utils/context.py:207 AirflowContextDeprecationWarning: Accessing 'next_execution_date' from the template is deprecated and will be removed in a future version. Please use 'data_interval_end' instead.
[2024-03-07T20:37:05.504+0000] {taskinstance.py:2480} INFO - Exporting env vars: AIRFLOW_CTX_DAG_OWNER='felipeparfitt' AIRFLOW_CTX_DAG_ID='citibikedataset' AIRFLOW_CTX_TASK_ID='download_dataset' AIRFLOW_CTX_EXECUTION_DATE='2022-12-01T00:00:00+00:00' AIRFLOW_CTX_TRY_NUMBER='5' AIRFLOW_CTX_DAG_RUN_ID='scheduled__2022-12-01T00:00:00+00:00'
[2024-03-07T20:37:05.506+0000] {subprocess.py:63} INFO - Tmp dir root location: /tmp
[2024-03-07T20:37:05.506+0000] {subprocess.py:75} INFO - Running command: ['/usr/bin/bash', '-c', 'sh ${AIRFLOW_HOME}/include/download_bike_dataset.sh         2023 01']
[2024-03-07T20:37:05.513+0000] {subprocess.py:86} INFO - Output:
[2024-03-07T20:37:05.515+0000] {subprocess.py:93} INFO - 
[2024-03-07T20:37:05.515+0000] {subprocess.py:93} INFO - Downloading citibike dataset from 2023/01
[2024-03-07T20:37:05.520+0000] {subprocess.py:93} INFO -   % Total    % Received % Xferd  Average Speed   Time    Time     Time  Current
[2024-03-07T20:37:05.520+0000] {subprocess.py:93} INFO -                                  Dload  Upload   Total   Spent    Left  Speed
[2024-03-07T20:37:08.143+0000] {subprocess.py:93} INFO -   0     0    0     0    0     0      0      0 --:--:-- --:--:-- --:--:--     0  0     0    0     0    0     0      0      0 --:--:-- --:--:-- --:--:--     0  0 1820k    0     0    0     0      0      0 --:--:--  0:00:01 --:--:--     0 59 1820k   59 1087k    0     0   425k      0  0:00:04  0:00:02  0:00:02  425k100 1820k  100 1820k    0     0   693k      0  0:00:02  0:00:02 --:--:--  693k
[2024-03-07T20:37:08.146+0000] {subprocess.py:93} INFO - Archive:  /opt/***/include/dataset/raw/2023/01/JC-202301-citibike-tripdata.csv.zip
[2024-03-07T20:37:08.188+0000] {subprocess.py:93} INFO -   inflating: /opt/***/include/dataset/raw/2023/01/JC-202301-citibike-tripdata.csv
[2024-03-07T20:37:08.188+0000] {subprocess.py:93} INFO -   inflating: /opt/***/include/dataset/raw/2023/01/__MACOSX/._JC-202301-citibike-tripdata.csv
[2024-03-07T20:37:08.361+0000] {subprocess.py:93} INFO -   adding: opt/***/include/dataset/raw/2023/01/JC-202301-citibike-tripdata.csv (deflated 84%)
[2024-03-07T20:37:08.362+0000] {subprocess.py:93} INFO - 
[2024-03-07T20:37:08.362+0000] {subprocess.py:93} INFO - Download completed successfully!
[2024-03-07T20:37:08.362+0000] {subprocess.py:93} INFO - /opt/***/include/dataset/raw/2023/01/JC-202301-citibike-tripdata.csv.zip
[2024-03-07T20:37:08.362+0000] {subprocess.py:97} INFO - Command exited with return code 0
[2024-03-07T20:37:08.376+0000] {taskinstance.py:1138} INFO - Marking task as SUCCESS. dag_id=citibikedataset, task_id=download_dataset, execution_date=20221201T000000, start_date=20240307T203705, end_date=20240307T203708
[2024-03-07T20:37:08.413+0000] {local_task_job_runner.py:234} INFO - Task exited with return code 0
[2024-03-07T20:37:08.430+0000] {taskinstance.py:3280} INFO - 1 downstream tasks scheduled from follow-on schedule check
