[2024-03-05T20:42:14.256+0000] {manager.py:469} INFO - Processing files using up to 2 processes at a time 
[2024-03-05T20:42:14.257+0000] {manager.py:470} INFO - Process each file at most once every 30 seconds
[2024-03-05T20:42:14.257+0000] {manager.py:471} INFO - Checking for new files in /opt/airflow/dags every 300 seconds
[2024-03-05T20:42:14.257+0000] {manager.py:738} INFO - Searching for files in /opt/airflow/dags
[2024-03-05T20:42:14.258+0000] {manager.py:741} INFO - There are 1 files in /opt/airflow/dags
[2024-03-05T20:42:14.363+0000] {manager.py:879} INFO - 
================================================================================
DAG File Processing Stats

File Path                               PID  Runtime      # DAGs    # Errors  Last Runtime    Last Run
------------------------------------  -----  ---------  --------  ----------  --------------  ----------
/opt/airflow/dags/dag_citibikenyc.py    181  0.03s             0           0
================================================================================
[2024-03-05T20:42:44.479+0000] {manager.py:879} INFO - 
================================================================================
DAG File Processing Stats

File Path                             PID    Runtime      # DAGs    # Errors  Last Runtime    Last Run
------------------------------------  -----  ---------  --------  ----------  --------------  -------------------
/opt/airflow/dags/dag_citibikenyc.py                           1           0  0.29s           2024-03-05T20:42:14
================================================================================
[2024-03-05T20:43:14.914+0000] {manager.py:879} INFO - 
================================================================================
DAG File Processing Stats

File Path                               PID  Runtime      # DAGs    # Errors  Last Runtime    Last Run
------------------------------------  -----  ---------  --------  ----------  --------------  -------------------
/opt/airflow/dags/dag_citibikenyc.py    203  0.00s             1           0  0.09s           2024-03-05T20:42:44
================================================================================
[2024-03-05T20:43:45.075+0000] {manager.py:879} INFO - 
================================================================================
DAG File Processing Stats

File Path                               PID  Runtime      # DAGs    # Errors  Last Runtime    Last Run
------------------------------------  -----  ---------  --------  ----------  --------------  -------------------
/opt/airflow/dags/dag_citibikenyc.py    214  0.00s             1           0  0.06s           2024-03-05T20:43:14
================================================================================
[2024-03-05T20:44:15.253+0000] {manager.py:879} INFO - 
================================================================================
DAG File Processing Stats

File Path                               PID  Runtime      # DAGs    # Errors  Last Runtime    Last Run
------------------------------------  -----  ---------  --------  ----------  --------------  -------------------
/opt/airflow/dags/dag_citibikenyc.py    233  0.00s             1           0  0.07s           2024-03-05T20:43:45
================================================================================
[2024-03-05T20:44:45.453+0000] {manager.py:879} INFO - 
================================================================================
DAG File Processing Stats

File Path                               PID  Runtime      # DAGs    # Errors  Last Runtime    Last Run
------------------------------------  -----  ---------  --------  ----------  --------------  -------------------
/opt/airflow/dags/dag_citibikenyc.py    246  0.00s             1           0  0.06s           2024-03-05T20:44:15
================================================================================
[2024-03-05T20:45:15.637+0000] {manager.py:879} INFO - 
================================================================================
DAG File Processing Stats

File Path                               PID  Runtime      # DAGs    # Errors  Last Runtime    Last Run
------------------------------------  -----  ---------  --------  ----------  --------------  -------------------
/opt/airflow/dags/dag_citibikenyc.py    261  0.00s             1           0  0.06s           2024-03-05T20:44:45
================================================================================
[2024-03-05T20:45:45.829+0000] {manager.py:879} INFO - 
================================================================================
DAG File Processing Stats

File Path                               PID  Runtime      # DAGs    # Errors  Last Runtime    Last Run
------------------------------------  -----  ---------  --------  ----------  --------------  -------------------
/opt/airflow/dags/dag_citibikenyc.py    277  0.00s             1           0  0.06s           2024-03-05T20:45:15
================================================================================
[2024-03-05T20:46:09.561+0000] {manager.py:451} INFO - Exiting gracefully upon receiving signal 15
[2024-03-05T20:52:50.811+0000] {manager.py:469} INFO - Processing files using up to 2 processes at a time 
[2024-03-05T20:52:50.811+0000] {manager.py:470} INFO - Process each file at most once every 30 seconds
[2024-03-05T20:52:50.811+0000] {manager.py:471} INFO - Checking for new files in /opt/airflow/dags every 300 seconds
[2024-03-05T20:52:50.812+0000] {manager.py:738} INFO - Searching for files in /opt/airflow/dags
[2024-03-05T20:52:50.813+0000] {manager.py:741} INFO - There are 1 files in /opt/airflow/dags
[2024-03-05T20:52:50.867+0000] {manager.py:879} INFO - 
================================================================================
DAG File Processing Stats

File Path                               PID  Runtime      # DAGs    # Errors  Last Runtime    Last Run
------------------------------------  -----  ---------  --------  ----------  --------------  ----------
/opt/airflow/dags/dag_citibikenyc.py    179  0.03s             0           0
================================================================================
[2024-03-05T20:53:20.999+0000] {manager.py:879} INFO - 
================================================================================
DAG File Processing Stats

File Path                               PID  Runtime      # DAGs    # Errors  Last Runtime    Last Run
------------------------------------  -----  ---------  --------  ----------  --------------  -------------------
/opt/airflow/dags/dag_citibikenyc.py    191  0.00s             1           0  0.13s           2024-03-05T20:52:50
================================================================================
[2024-03-05T20:53:51.150+0000] {manager.py:879} INFO - 
================================================================================
DAG File Processing Stats

File Path                               PID  Runtime      # DAGs    # Errors  Last Runtime    Last Run
------------------------------------  -----  ---------  --------  ----------  --------------  -------------------
/opt/airflow/dags/dag_citibikenyc.py    202  0.00s             1           0  0.05s           2024-03-05T20:53:21
================================================================================
[2024-03-05T20:54:21.314+0000] {manager.py:879} INFO - 
================================================================================
DAG File Processing Stats

File Path                               PID  Runtime      # DAGs    # Errors  Last Runtime    Last Run
------------------------------------  -----  ---------  --------  ----------  --------------  -------------------
/opt/airflow/dags/dag_citibikenyc.py    273  0.00s             1           0  0.06s           2024-03-05T20:53:51
================================================================================
[2024-03-05T20:54:51.492+0000] {manager.py:879} INFO - 
================================================================================
DAG File Processing Stats

File Path                               PID  Runtime      # DAGs    # Errors  Last Runtime    Last Run
------------------------------------  -----  ---------  --------  ----------  --------------  -------------------
/opt/airflow/dags/dag_citibikenyc.py    344  0.00s             1           0  0.06s           2024-03-05T20:54:21
================================================================================
[2024-03-05T20:55:21.683+0000] {manager.py:879} INFO - 
================================================================================
DAG File Processing Stats

File Path                               PID  Runtime      # DAGs    # Errors  Last Runtime    Last Run
------------------------------------  -----  ---------  --------  ----------  --------------  -------------------
/opt/airflow/dags/dag_citibikenyc.py    355  0.00s             1           0  0.10s           2024-03-05T20:54:51
================================================================================
[2024-03-05T20:55:51.865+0000] {manager.py:879} INFO - 
================================================================================
DAG File Processing Stats

File Path                               PID  Runtime      # DAGs    # Errors  Last Runtime    Last Run
------------------------------------  -----  ---------  --------  ----------  --------------  -------------------
/opt/airflow/dags/dag_citibikenyc.py    366  0.00s             1           0  0.06s           2024-03-05T20:55:21
================================================================================
[2024-03-05T20:56:22.043+0000] {manager.py:879} INFO - 
================================================================================
DAG File Processing Stats

File Path                               PID  Runtime      # DAGs    # Errors  Last Runtime    Last Run
------------------------------------  -----  ---------  --------  ----------  --------------  -------------------
/opt/airflow/dags/dag_citibikenyc.py    377  0.00s             1           0  0.06s           2024-03-05T20:55:51
================================================================================
[2024-03-05T20:56:52.213+0000] {manager.py:879} INFO - 
================================================================================
DAG File Processing Stats

File Path                               PID  Runtime      # DAGs    # Errors  Last Runtime    Last Run
------------------------------------  -----  ---------  --------  ----------  --------------  -------------------
/opt/airflow/dags/dag_citibikenyc.py    388  0.00s             1           0  0.06s           2024-03-05T20:56:22
================================================================================
[2024-03-05T20:57:22.392+0000] {manager.py:879} INFO - 
================================================================================
DAG File Processing Stats

File Path                               PID  Runtime      # DAGs    # Errors  Last Runtime    Last Run
------------------------------------  -----  ---------  --------  ----------  --------------  -------------------
/opt/airflow/dags/dag_citibikenyc.py    407  0.01s             1           0  0.06s           2024-03-05T20:56:52
================================================================================
[2024-03-05T20:57:51.557+0000] {manager.py:738} INFO - Searching for files in /opt/airflow/dags
[2024-03-05T20:57:51.558+0000] {manager.py:741} INFO - There are 1 files in /opt/airflow/dags
[2024-03-05T20:57:52.577+0000] {manager.py:879} INFO - 
================================================================================
DAG File Processing Stats

File Path                               PID  Runtime      # DAGs    # Errors  Last Runtime    Last Run
------------------------------------  -----  ---------  --------  ----------  --------------  -------------------
/opt/airflow/dags/dag_citibikenyc.py    418  0.01s             1           0  0.06s           2024-03-05T20:57:22
================================================================================
[2024-03-05T20:58:22.769+0000] {manager.py:879} INFO - 
================================================================================
DAG File Processing Stats

File Path                               PID  Runtime      # DAGs    # Errors  Last Runtime    Last Run
------------------------------------  -----  ---------  --------  ----------  --------------  -------------------
/opt/airflow/dags/dag_citibikenyc.py    429  0.00s             1           0  0.06s           2024-03-05T20:57:52
================================================================================
[2024-03-05T20:58:52.954+0000] {manager.py:879} INFO - 
================================================================================
DAG File Processing Stats

File Path                               PID  Runtime      # DAGs    # Errors  Last Runtime    Last Run
------------------------------------  -----  ---------  --------  ----------  --------------  -------------------
/opt/airflow/dags/dag_citibikenyc.py    440  0.00s             1           0  0.05s           2024-03-05T20:58:22
================================================================================
[2024-03-05T20:59:23.126+0000] {manager.py:879} INFO - 
================================================================================
DAG File Processing Stats

File Path                               PID  Runtime      # DAGs    # Errors  Last Runtime    Last Run
------------------------------------  -----  ---------  --------  ----------  --------------  -------------------
/opt/airflow/dags/dag_citibikenyc.py    451  0.00s             1           0  0.06s           2024-03-05T20:58:53
================================================================================
[2024-03-05T20:59:53.307+0000] {manager.py:879} INFO - 
================================================================================
DAG File Processing Stats

File Path                               PID  Runtime      # DAGs    # Errors  Last Runtime    Last Run
------------------------------------  -----  ---------  --------  ----------  --------------  -------------------
/opt/airflow/dags/dag_citibikenyc.py    462  0.01s             1           0  0.06s           2024-03-05T20:59:23
================================================================================
[2024-03-05T21:00:23.489+0000] {manager.py:879} INFO - 
================================================================================
DAG File Processing Stats

File Path                               PID  Runtime      # DAGs    # Errors  Last Runtime    Last Run
------------------------------------  -----  ---------  --------  ----------  --------------  -------------------
/opt/airflow/dags/dag_citibikenyc.py    473  0.00s             1           0  0.06s           2024-03-05T20:59:53
================================================================================
[2024-03-05T21:00:53.663+0000] {manager.py:879} INFO - 
================================================================================
DAG File Processing Stats

File Path                               PID  Runtime      # DAGs    # Errors  Last Runtime    Last Run
------------------------------------  -----  ---------  --------  ----------  --------------  -------------------
/opt/airflow/dags/dag_citibikenyc.py    484  0.00s             1           0  0.06s           2024-03-05T21:00:23
================================================================================
[2024-03-05T21:01:23.845+0000] {manager.py:879} INFO - 
================================================================================
DAG File Processing Stats

File Path                               PID  Runtime      # DAGs    # Errors  Last Runtime    Last Run
------------------------------------  -----  ---------  --------  ----------  --------------  -------------------
/opt/airflow/dags/dag_citibikenyc.py    499  0.00s             1           0  0.05s           2024-03-05T21:00:53
================================================================================
[2024-03-05T21:01:54.005+0000] {manager.py:879} INFO - 
================================================================================
DAG File Processing Stats

File Path                               PID  Runtime      # DAGs    # Errors  Last Runtime    Last Run
------------------------------------  -----  ---------  --------  ----------  --------------  -------------------
/opt/airflow/dags/dag_citibikenyc.py    510  0.01s             1           0  0.06s           2024-03-05T21:01:23
================================================================================
[2024-03-05T21:02:24.189+0000] {manager.py:879} INFO - 
================================================================================
DAG File Processing Stats

File Path                               PID  Runtime      # DAGs    # Errors  Last Runtime    Last Run
------------------------------------  -----  ---------  --------  ----------  --------------  -------------------
/opt/airflow/dags/dag_citibikenyc.py    523  0.00s             1           0  0.07s           2024-03-05T21:01:54
================================================================================
[2024-03-05T21:02:52.349+0000] {manager.py:738} INFO - Searching for files in /opt/airflow/dags
[2024-03-05T21:02:52.352+0000] {manager.py:741} INFO - There are 1 files in /opt/airflow/dags
[2024-03-05T21:02:54.384+0000] {manager.py:879} INFO - 
================================================================================
DAG File Processing Stats

File Path                               PID  Runtime      # DAGs    # Errors  Last Runtime    Last Run
------------------------------------  -----  ---------  --------  ----------  --------------  -------------------
/opt/airflow/dags/dag_citibikenyc.py    534  0.00s             1           0  0.06s           2024-03-05T21:02:24
================================================================================
[2024-03-05T21:03:24.548+0000] {manager.py:879} INFO - 
================================================================================
DAG File Processing Stats

File Path                               PID  Runtime      # DAGs    # Errors  Last Runtime    Last Run
------------------------------------  -----  ---------  --------  ----------  --------------  -------------------
/opt/airflow/dags/dag_citibikenyc.py    545  0.00s             1           0  0.06s           2024-03-05T21:02:54
================================================================================
[2024-03-05T21:03:54.741+0000] {manager.py:879} INFO - 
================================================================================
DAG File Processing Stats

File Path                               PID  Runtime      # DAGs    # Errors  Last Runtime    Last Run
------------------------------------  -----  ---------  --------  ----------  --------------  -------------------
/opt/airflow/dags/dag_citibikenyc.py    560  0.00s             1           0  0.06s           2024-03-05T21:03:24
================================================================================
[2024-03-05T21:04:24.923+0000] {manager.py:879} INFO - 
================================================================================
DAG File Processing Stats

File Path                               PID  Runtime      # DAGs    # Errors  Last Runtime    Last Run
------------------------------------  -----  ---------  --------  ----------  --------------  -------------------
/opt/airflow/dags/dag_citibikenyc.py    571  0.01s             1           0  0.06s           2024-03-05T21:03:54
================================================================================
[2024-03-05T21:04:55.093+0000] {manager.py:879} INFO - 
================================================================================
DAG File Processing Stats

File Path                               PID  Runtime      # DAGs    # Errors  Last Runtime    Last Run
------------------------------------  -----  ---------  --------  ----------  --------------  -------------------
/opt/airflow/dags/dag_citibikenyc.py    584  0.00s             1           0  0.06s           2024-03-05T21:04:24
================================================================================
[2024-03-05T21:05:25.271+0000] {manager.py:879} INFO - 
================================================================================
DAG File Processing Stats

File Path                               PID  Runtime      # DAGs    # Errors  Last Runtime    Last Run
------------------------------------  -----  ---------  --------  ----------  --------------  -------------------
/opt/airflow/dags/dag_citibikenyc.py    597  0.00s             1           0  0.06s           2024-03-05T21:04:55
================================================================================
[2024-03-05T21:05:55.464+0000] {manager.py:879} INFO - 
================================================================================
DAG File Processing Stats

File Path                               PID  Runtime      # DAGs    # Errors  Last Runtime    Last Run
------------------------------------  -----  ---------  --------  ----------  --------------  -------------------
/opt/airflow/dags/dag_citibikenyc.py    608  0.00s             1           0  0.06s           2024-03-05T21:05:25
================================================================================
[2024-03-05T21:06:25.646+0000] {manager.py:879} INFO - 
================================================================================
DAG File Processing Stats

File Path                               PID  Runtime      # DAGs    # Errors  Last Runtime    Last Run
------------------------------------  -----  ---------  --------  ----------  --------------  -------------------
/opt/airflow/dags/dag_citibikenyc.py    619  0.00s             1           0  0.05s           2024-03-05T21:05:55
================================================================================
[2024-03-05T21:06:55.843+0000] {manager.py:879} INFO - 
================================================================================
DAG File Processing Stats

File Path                               PID  Runtime      # DAGs    # Errors  Last Runtime    Last Run
------------------------------------  -----  ---------  --------  ----------  --------------  -------------------
/opt/airflow/dags/dag_citibikenyc.py    630  0.01s             1           0  0.06s           2024-03-05T21:06:25
================================================================================
[2024-03-05T21:07:26.032+0000] {manager.py:879} INFO - 
================================================================================
DAG File Processing Stats

File Path                               PID  Runtime      # DAGs    # Errors  Last Runtime    Last Run
------------------------------------  -----  ---------  --------  ----------  --------------  -------------------
/opt/airflow/dags/dag_citibikenyc.py    641  0.00s             1           0  0.06s           2024-03-05T21:06:55
================================================================================
[2024-03-05T21:07:53.259+0000] {manager.py:738} INFO - Searching for files in /opt/airflow/dags
[2024-03-05T21:07:53.260+0000] {manager.py:741} INFO - There are 1 files in /opt/airflow/dags
[2024-03-05T21:07:56.291+0000] {manager.py:879} INFO - 
================================================================================
DAG File Processing Stats

File Path                             PID    Runtime      # DAGs    # Errors  Last Runtime    Last Run
------------------------------------  -----  ---------  --------  ----------  --------------  -------------------
/opt/airflow/dags/dag_citibikenyc.py                           1           0  0.11s           2024-03-05T21:07:27
================================================================================
[2024-03-05T21:08:26.474+0000] {manager.py:879} INFO - 
================================================================================
DAG File Processing Stats

File Path                             PID    Runtime      # DAGs    # Errors  Last Runtime    Last Run
------------------------------------  -----  ---------  --------  ----------  --------------  -------------------
/opt/airflow/dags/dag_citibikenyc.py                           1           0  0.05s           2024-03-05T21:07:57
================================================================================
[2024-03-05T21:08:56.646+0000] {manager.py:879} INFO - 
================================================================================
DAG File Processing Stats

File Path                             PID    Runtime      # DAGs    # Errors  Last Runtime    Last Run
------------------------------------  -----  ---------  --------  ----------  --------------  -------------------
/opt/airflow/dags/dag_citibikenyc.py                           1           0  0.06s           2024-03-05T21:08:27
================================================================================
[2024-03-05T21:09:26.806+0000] {manager.py:879} INFO - 
================================================================================
DAG File Processing Stats

File Path                             PID    Runtime      # DAGs    # Errors  Last Runtime    Last Run
------------------------------------  -----  ---------  --------  ----------  --------------  -------------------
/opt/airflow/dags/dag_citibikenyc.py                           1           0  0.08s           2024-03-05T21:08:57
================================================================================
[2024-03-05T21:09:57.013+0000] {manager.py:879} INFO - 
================================================================================
DAG File Processing Stats

File Path                             PID    Runtime      # DAGs    # Errors  Last Runtime    Last Run
------------------------------------  -----  ---------  --------  ----------  --------------  -------------------
/opt/airflow/dags/dag_citibikenyc.py                           1           0  0.06s           2024-03-05T21:09:27
================================================================================
[2024-03-05T21:10:27.200+0000] {manager.py:879} INFO - 
================================================================================
DAG File Processing Stats

File Path                             PID    Runtime      # DAGs    # Errors  Last Runtime    Last Run
------------------------------------  -----  ---------  --------  ----------  --------------  -------------------
/opt/airflow/dags/dag_citibikenyc.py                           1           0  0.06s           2024-03-05T21:09:58
================================================================================
[2024-03-05T21:10:57.377+0000] {manager.py:879} INFO - 
================================================================================
DAG File Processing Stats

File Path                             PID    Runtime      # DAGs    # Errors  Last Runtime    Last Run
------------------------------------  -----  ---------  --------  ----------  --------------  -------------------
/opt/airflow/dags/dag_citibikenyc.py                           1           0  0.06s           2024-03-05T21:10:28
================================================================================
[2024-03-05T21:11:27.553+0000] {manager.py:879} INFO - 
================================================================================
DAG File Processing Stats

File Path                             PID    Runtime      # DAGs    # Errors  Last Runtime    Last Run
------------------------------------  -----  ---------  --------  ----------  --------------  -------------------
/opt/airflow/dags/dag_citibikenyc.py                           1           0  0.06s           2024-03-05T21:10:58
================================================================================
[2024-03-05T21:11:57.756+0000] {manager.py:879} INFO - 
================================================================================
DAG File Processing Stats

File Path                             PID    Runtime      # DAGs    # Errors  Last Runtime    Last Run
------------------------------------  -----  ---------  --------  ----------  --------------  -------------------
/opt/airflow/dags/dag_citibikenyc.py                           1           0  0.10s           2024-03-05T21:11:28
================================================================================
[2024-03-05T21:12:27.954+0000] {manager.py:879} INFO - 
================================================================================
DAG File Processing Stats

File Path                             PID    Runtime      # DAGs    # Errors  Last Runtime    Last Run
------------------------------------  -----  ---------  --------  ----------  --------------  -------------------
/opt/airflow/dags/dag_citibikenyc.py                           1           0  0.06s           2024-03-05T21:11:58
================================================================================
[2024-03-05T21:12:54.128+0000] {manager.py:738} INFO - Searching for files in /opt/airflow/dags
[2024-03-05T21:12:54.129+0000] {manager.py:741} INFO - There are 1 files in /opt/airflow/dags
[2024-03-05T21:12:58.155+0000] {manager.py:879} INFO - 
================================================================================
DAG File Processing Stats

File Path                             PID    Runtime      # DAGs    # Errors  Last Runtime    Last Run
------------------------------------  -----  ---------  --------  ----------  --------------  -------------------
/opt/airflow/dags/dag_citibikenyc.py                           1           0  0.06s           2024-03-05T21:12:44
================================================================================
[2024-03-05T21:13:28.376+0000] {manager.py:451} INFO - Exiting gracefully upon receiving signal 15
[2024-03-05T21:13:34.792+0000] {manager.py:469} INFO - Processing files using up to 2 processes at a time 
[2024-03-05T21:13:34.792+0000] {manager.py:470} INFO - Process each file at most once every 30 seconds
[2024-03-05T21:13:34.792+0000] {manager.py:471} INFO - Checking for new files in /opt/airflow/dags every 300 seconds
[2024-03-05T21:13:34.792+0000] {manager.py:738} INFO - Searching for files in /opt/airflow/dags
[2024-03-05T21:13:34.793+0000] {manager.py:741} INFO - There are 1 files in /opt/airflow/dags
[2024-03-05T21:13:34.853+0000] {manager.py:879} INFO - 
================================================================================
DAG File Processing Stats

File Path                               PID  Runtime      # DAGs    # Errors  Last Runtime    Last Run
------------------------------------  -----  ---------  --------  ----------  --------------  ----------
/opt/airflow/dags/dag_citibikenyc.py    179  0.03s             0           0
================================================================================
[2024-03-05T21:14:04.998+0000] {manager.py:879} INFO - 
================================================================================
DAG File Processing Stats

File Path                               PID  Runtime      # DAGs    # Errors  Last Runtime    Last Run
------------------------------------  -----  ---------  --------  ----------  --------------  -------------------
/opt/airflow/dags/dag_citibikenyc.py    195  0.01s             1           0  0.12s           2024-03-05T21:13:34
================================================================================
[2024-03-05T21:14:35.192+0000] {manager.py:879} INFO - 
================================================================================
DAG File Processing Stats

File Path                               PID  Runtime      # DAGs    # Errors  Last Runtime    Last Run
------------------------------------  -----  ---------  --------  ----------  --------------  -------------------
/opt/airflow/dags/dag_citibikenyc.py    207  0.01s             1           0  0.06s           2024-03-05T21:14:05
================================================================================
[2024-03-05T21:15:05.390+0000] {manager.py:879} INFO - 
================================================================================
DAG File Processing Stats

File Path                             PID    Runtime      # DAGs    # Errors  Last Runtime    Last Run
------------------------------------  -----  ---------  --------  ----------  --------------  -------------------
/opt/airflow/dags/dag_citibikenyc.py                           1           0  0.05s           2024-03-05T21:14:49
================================================================================
[2024-03-05T21:15:35.620+0000] {manager.py:879} INFO - 
================================================================================
DAG File Processing Stats

File Path                             PID    Runtime      # DAGs    # Errors  Last Runtime    Last Run
------------------------------------  -----  ---------  --------  ----------  --------------  -------------------
/opt/airflow/dags/dag_citibikenyc.py                           1           0  0.06s           2024-03-05T21:15:22
================================================================================
[2024-03-05T21:15:52.838+0000] {manager.py:451} INFO - Exiting gracefully upon receiving signal 15
[2024-03-05T21:15:59.637+0000] {manager.py:469} INFO - Processing files using up to 2 processes at a time 
[2024-03-05T21:15:59.638+0000] {manager.py:470} INFO - Process each file at most once every 30 seconds
[2024-03-05T21:15:59.638+0000] {manager.py:471} INFO - Checking for new files in /opt/airflow/dags every 300 seconds
[2024-03-05T21:15:59.638+0000] {manager.py:738} INFO - Searching for files in /opt/airflow/dags
[2024-03-05T21:15:59.639+0000] {manager.py:741} INFO - There are 1 files in /opt/airflow/dags
[2024-03-05T21:15:59.689+0000] {manager.py:879} INFO - 
================================================================================
DAG File Processing Stats

File Path                               PID  Runtime      # DAGs    # Errors  Last Runtime    Last Run
------------------------------------  -----  ---------  --------  ----------  --------------  ----------
/opt/airflow/dags/dag_citibikenyc.py    179  0.02s             0           0
================================================================================
[2024-03-05T21:16:29.816+0000] {manager.py:879} INFO - 
================================================================================
DAG File Processing Stats

File Path                               PID  Runtime      # DAGs    # Errors  Last Runtime    Last Run
------------------------------------  -----  ---------  --------  ----------  --------------  -------------------
/opt/airflow/dags/dag_citibikenyc.py    197  0.00s             1           0  0.12s           2024-03-05T21:15:59
================================================================================
[2024-03-05T21:17:00.033+0000] {manager.py:879} INFO - 
================================================================================
DAG File Processing Stats

File Path                               PID  Runtime      # DAGs    # Errors  Last Runtime    Last Run
------------------------------------  -----  ---------  --------  ----------  --------------  -------------------
/opt/airflow/dags/dag_citibikenyc.py    208  0.00s             1           0  0.06s           2024-03-05T21:16:29
================================================================================
[2024-03-05T21:17:30.199+0000] {manager.py:879} INFO - 
================================================================================
DAG File Processing Stats

File Path                               PID  Runtime      # DAGs    # Errors  Last Runtime    Last Run
------------------------------------  -----  ---------  --------  ----------  --------------  -------------------
/opt/airflow/dags/dag_citibikenyc.py    219  0.00s             1           0  0.06s           2024-03-05T21:17:00
================================================================================
[2024-03-05T21:18:00.377+0000] {manager.py:879} INFO - 
================================================================================
DAG File Processing Stats

File Path                               PID  Runtime      # DAGs    # Errors  Last Runtime    Last Run
------------------------------------  -----  ---------  --------  ----------  --------------  -------------------
/opt/airflow/dags/dag_citibikenyc.py    230  0.01s             1           0  0.06s           2024-03-05T21:17:30
================================================================================
[2024-03-05T21:18:30.541+0000] {manager.py:879} INFO - 
================================================================================
DAG File Processing Stats

File Path                               PID  Runtime      # DAGs    # Errors  Last Runtime    Last Run
------------------------------------  -----  ---------  --------  ----------  --------------  -------------------
/opt/airflow/dags/dag_citibikenyc.py    241  0.01s             1           0  0.06s           2024-03-05T21:18:00
================================================================================
[2024-03-05T21:19:00.756+0000] {manager.py:879} INFO - 
================================================================================
DAG File Processing Stats

File Path                               PID  Runtime      # DAGs    # Errors  Last Runtime    Last Run
------------------------------------  -----  ---------  --------  ----------  --------------  -------------------
/opt/airflow/dags/dag_citibikenyc.py    252  0.01s             1           0  0.06s           2024-03-05T21:18:30
================================================================================
[2024-03-05T21:19:30.923+0000] {manager.py:879} INFO - 
================================================================================
DAG File Processing Stats

File Path                               PID  Runtime      # DAGs    # Errors  Last Runtime    Last Run
------------------------------------  -----  ---------  --------  ----------  --------------  -------------------
/opt/airflow/dags/dag_citibikenyc.py    263  0.00s             1           0  0.06s           2024-03-05T21:19:00
================================================================================
[2024-03-05T21:20:01.116+0000] {manager.py:879} INFO - 
================================================================================
DAG File Processing Stats

File Path                               PID  Runtime      # DAGs    # Errors  Last Runtime    Last Run
------------------------------------  -----  ---------  --------  ----------  --------------  -------------------
/opt/airflow/dags/dag_citibikenyc.py    274  0.01s             1           0  0.06s           2024-03-05T21:19:30
================================================================================
[2024-03-05T21:20:31.271+0000] {manager.py:879} INFO - 
================================================================================
DAG File Processing Stats

File Path                               PID  Runtime      # DAGs    # Errors  Last Runtime    Last Run
------------------------------------  -----  ---------  --------  ----------  --------------  -------------------
/opt/airflow/dags/dag_citibikenyc.py    285  0.00s             1           0  0.06s           2024-03-05T21:20:01
================================================================================
[2024-03-05T21:21:00.412+0000] {manager.py:738} INFO - Searching for files in /opt/airflow/dags
[2024-03-05T21:21:00.414+0000] {manager.py:741} INFO - There are 1 files in /opt/airflow/dags
[2024-03-05T21:21:01.437+0000] {manager.py:879} INFO - 
================================================================================
DAG File Processing Stats

File Path                               PID  Runtime      # DAGs    # Errors  Last Runtime    Last Run
------------------------------------  -----  ---------  --------  ----------  --------------  -------------------
/opt/airflow/dags/dag_citibikenyc.py    296  0.00s             1           0  0.06s           2024-03-05T21:20:31
================================================================================
[2024-03-05T21:21:31.574+0000] {manager.py:879} INFO - 
================================================================================
DAG File Processing Stats

File Path                               PID  Runtime      # DAGs    # Errors  Last Runtime    Last Run
------------------------------------  -----  ---------  --------  ----------  --------------  -------------------
/opt/airflow/dags/dag_citibikenyc.py    307  0.00s             1           0  0.05s           2024-03-05T21:21:01
================================================================================
[2024-03-05T21:22:01.759+0000] {manager.py:879} INFO - 
================================================================================
DAG File Processing Stats

File Path                               PID  Runtime      # DAGs    # Errors  Last Runtime    Last Run
------------------------------------  -----  ---------  --------  ----------  --------------  -------------------
/opt/airflow/dags/dag_citibikenyc.py    318  0.01s             1           0  0.06s           2024-03-05T21:21:31
================================================================================
[2024-03-05T21:22:31.921+0000] {manager.py:879} INFO - 
================================================================================
DAG File Processing Stats

File Path                               PID  Runtime      # DAGs    # Errors  Last Runtime    Last Run
------------------------------------  -----  ---------  --------  ----------  --------------  -------------------
/opt/airflow/dags/dag_citibikenyc.py    329  0.00s             1           0  0.06s           2024-03-05T21:22:01
================================================================================
[2024-03-05T21:23:02.108+0000] {manager.py:879} INFO - 
================================================================================
DAG File Processing Stats

File Path                               PID  Runtime      # DAGs    # Errors  Last Runtime    Last Run
------------------------------------  -----  ---------  --------  ----------  --------------  -------------------
/opt/airflow/dags/dag_citibikenyc.py    340  0.00s             1           0  0.06s           2024-03-05T21:22:31
================================================================================
[2024-03-05T21:23:32.269+0000] {manager.py:879} INFO - 
================================================================================
DAG File Processing Stats

File Path                               PID  Runtime      # DAGs    # Errors  Last Runtime    Last Run
------------------------------------  -----  ---------  --------  ----------  --------------  -------------------
/opt/airflow/dags/dag_citibikenyc.py    351  0.01s             1           0  0.06s           2024-03-05T21:23:02
================================================================================
[2024-03-05T21:24:02.435+0000] {manager.py:879} INFO - 
================================================================================
DAG File Processing Stats

File Path                               PID  Runtime      # DAGs    # Errors  Last Runtime    Last Run
------------------------------------  -----  ---------  --------  ----------  --------------  -------------------
/opt/airflow/dags/dag_citibikenyc.py    362  0.00s             1           0  0.06s           2024-03-05T21:23:32
================================================================================
[2024-03-05T21:24:32.588+0000] {manager.py:879} INFO - 
================================================================================
DAG File Processing Stats

File Path                               PID  Runtime      # DAGs    # Errors  Last Runtime    Last Run
------------------------------------  -----  ---------  --------  ----------  --------------  -------------------
/opt/airflow/dags/dag_citibikenyc.py    373  0.00s             1           0  0.06s           2024-03-05T21:24:02
================================================================================
[2024-03-05T21:25:02.775+0000] {manager.py:879} INFO - 
================================================================================
DAG File Processing Stats

File Path                               PID  Runtime      # DAGs    # Errors  Last Runtime    Last Run
------------------------------------  -----  ---------  --------  ----------  --------------  -------------------
/opt/airflow/dags/dag_citibikenyc.py    384  0.00s             1           0  0.06s           2024-03-05T21:24:32
================================================================================
[2024-03-05T21:25:32.973+0000] {manager.py:879} INFO - 
================================================================================
DAG File Processing Stats

File Path                               PID  Runtime      # DAGs    # Errors  Last Runtime    Last Run
------------------------------------  -----  ---------  --------  ----------  --------------  -------------------
/opt/airflow/dags/dag_citibikenyc.py    395  0.01s             1           0  0.06s           2024-03-05T21:25:02
================================================================================
[2024-03-05T21:26:01.148+0000] {manager.py:738} INFO - Searching for files in /opt/airflow/dags
[2024-03-05T21:26:01.151+0000] {manager.py:741} INFO - There are 1 files in /opt/airflow/dags
[2024-03-05T21:26:03.173+0000] {manager.py:879} INFO - 
================================================================================
DAG File Processing Stats

File Path                               PID  Runtime      # DAGs    # Errors  Last Runtime    Last Run
------------------------------------  -----  ---------  --------  ----------  --------------  -------------------
/opt/airflow/dags/dag_citibikenyc.py    406  0.00s             1           0  0.06s           2024-03-05T21:25:33
================================================================================
[2024-03-05T21:26:33.354+0000] {manager.py:879} INFO - 
================================================================================
DAG File Processing Stats

File Path                               PID  Runtime      # DAGs    # Errors  Last Runtime    Last Run
------------------------------------  -----  ---------  --------  ----------  --------------  -------------------
/opt/airflow/dags/dag_citibikenyc.py    417  0.00s             1           0  0.05s           2024-03-05T21:26:03
================================================================================
[2024-03-05T21:27:03.532+0000] {manager.py:879} INFO - 
================================================================================
DAG File Processing Stats

File Path                               PID  Runtime      # DAGs    # Errors  Last Runtime    Last Run
------------------------------------  -----  ---------  --------  ----------  --------------  -------------------
/opt/airflow/dags/dag_citibikenyc.py    428  0.00s             1           0  0.05s           2024-03-05T21:26:33
================================================================================
[2024-03-05T21:27:33.722+0000] {manager.py:879} INFO - 
================================================================================
DAG File Processing Stats

File Path                               PID  Runtime      # DAGs    # Errors  Last Runtime    Last Run
------------------------------------  -----  ---------  --------  ----------  --------------  -------------------
/opt/airflow/dags/dag_citibikenyc.py    439  0.00s             1           0  0.05s           2024-03-05T21:27:03
================================================================================
[2024-03-05T21:28:03.909+0000] {manager.py:879} INFO - 
================================================================================
DAG File Processing Stats

File Path                               PID  Runtime      # DAGs    # Errors  Last Runtime    Last Run
------------------------------------  -----  ---------  --------  ----------  --------------  -------------------
/opt/airflow/dags/dag_citibikenyc.py    450  0.00s             1           0  0.06s           2024-03-05T21:27:33
================================================================================
[2024-03-05T21:28:34.077+0000] {manager.py:879} INFO - 
================================================================================
DAG File Processing Stats

File Path                               PID  Runtime      # DAGs    # Errors  Last Runtime    Last Run
------------------------------------  -----  ---------  --------  ----------  --------------  -------------------
/opt/airflow/dags/dag_citibikenyc.py    461  0.00s             1           0  0.05s           2024-03-05T21:28:03
================================================================================
[2024-03-05T21:29:04.241+0000] {manager.py:879} INFO - 
================================================================================
DAG File Processing Stats

File Path                               PID  Runtime      # DAGs    # Errors  Last Runtime    Last Run
------------------------------------  -----  ---------  --------  ----------  --------------  -------------------
/opt/airflow/dags/dag_citibikenyc.py    472  0.00s             1           0  0.05s           2024-03-05T21:28:34
================================================================================
[2024-03-05T21:29:34.432+0000] {manager.py:879} INFO - 
================================================================================
DAG File Processing Stats

File Path                               PID  Runtime      # DAGs    # Errors  Last Runtime    Last Run
------------------------------------  -----  ---------  --------  ----------  --------------  -------------------
/opt/airflow/dags/dag_citibikenyc.py    483  0.00s             1           0  0.05s           2024-03-05T21:29:04
================================================================================
[2024-03-05T21:30:04.629+0000] {manager.py:879} INFO - 
================================================================================
DAG File Processing Stats

File Path                               PID  Runtime      # DAGs    # Errors  Last Runtime    Last Run
------------------------------------  -----  ---------  --------  ----------  --------------  -------------------
/opt/airflow/dags/dag_citibikenyc.py    494  0.00s             1           0  0.06s           2024-03-05T21:29:34
================================================================================
[2024-03-05T21:30:34.810+0000] {manager.py:879} INFO - 
================================================================================
DAG File Processing Stats

File Path                               PID  Runtime      # DAGs    # Errors  Last Runtime    Last Run
------------------------------------  -----  ---------  --------  ----------  --------------  -------------------
/opt/airflow/dags/dag_citibikenyc.py    505  0.01s             1           0  0.06s           2024-03-05T21:30:04
================================================================================
[2024-03-05T21:31:01.981+0000] {manager.py:738} INFO - Searching for files in /opt/airflow/dags
[2024-03-05T21:31:01.983+0000] {manager.py:741} INFO - There are 1 files in /opt/airflow/dags
[2024-03-05T21:31:05.017+0000] {manager.py:879} INFO - 
================================================================================
DAG File Processing Stats

File Path                               PID  Runtime      # DAGs    # Errors  Last Runtime    Last Run
------------------------------------  -----  ---------  --------  ----------  --------------  -------------------
/opt/airflow/dags/dag_citibikenyc.py    516  0.00s             1           0  0.06s           2024-03-05T21:30:34
================================================================================
[2024-03-05T21:31:35.207+0000] {manager.py:879} INFO - 
================================================================================
DAG File Processing Stats

File Path                               PID  Runtime      # DAGs    # Errors  Last Runtime    Last Run
------------------------------------  -----  ---------  --------  ----------  --------------  -------------------
/opt/airflow/dags/dag_citibikenyc.py    527  0.01s             1           0  0.06s           2024-03-05T21:31:05
================================================================================
[2024-03-05T21:59:27.803+0000] {manager.py:738} INFO - Searching for files in /opt/airflow/dags
[2024-03-05T21:59:27.808+0000] {manager.py:741} INFO - There are 1 files in /opt/airflow/dags
[2024-03-05T21:59:32.965+0000] {manager.py:879} INFO - 
================================================================================
DAG File Processing Stats

File Path                             PID    Runtime      # DAGs    # Errors  Last Runtime    Last Run
------------------------------------  -----  ---------  --------  ----------  --------------  -------------------
/opt/airflow/dags/dag_citibikenyc.py                           1           0  0.64s           2024-03-05T21:59:28
================================================================================
[2024-03-05T21:59:46.092+0000] {manager.py:451} INFO - Exiting gracefully upon receiving signal 15
[2024-03-06T13:14:10.410+0000] {manager.py:469} INFO - Processing files using up to 2 processes at a time 
[2024-03-06T13:14:10.410+0000] {manager.py:470} INFO - Process each file at most once every 30 seconds
[2024-03-06T13:14:10.410+0000] {manager.py:471} INFO - Checking for new files in /opt/airflow/dags every 300 seconds
[2024-03-06T13:14:10.411+0000] {manager.py:738} INFO - Searching for files in /opt/airflow/dags
[2024-03-06T13:14:10.412+0000] {manager.py:741} INFO - There are 1 files in /opt/airflow/dags
[2024-03-06T13:14:10.480+0000] {manager.py:879} INFO - 
================================================================================
DAG File Processing Stats

File Path                               PID  Runtime      # DAGs    # Errors  Last Runtime    Last Run
------------------------------------  -----  ---------  --------  ----------  --------------  ----------
/opt/airflow/dags/dag_citibikenyc.py    181  0.02s             0           0
================================================================================
[2024-03-06T13:14:40.636+0000] {manager.py:879} INFO - 
================================================================================
DAG File Processing Stats

File Path                             PID    Runtime      # DAGs    # Errors  Last Runtime    Last Run
------------------------------------  -----  ---------  --------  ----------  --------------  -------------------
/opt/airflow/dags/dag_citibikenyc.py                           1           0  0.06s           2024-03-06T13:14:24
================================================================================
[2024-03-06T13:15:10.762+0000] {manager.py:879} INFO - 
================================================================================
DAG File Processing Stats

File Path                             PID    Runtime      # DAGs    # Errors  Last Runtime    Last Run
------------------------------------  -----  ---------  --------  ----------  --------------  -------------------
/opt/airflow/dags/dag_citibikenyc.py                           1           0  0.11s           2024-03-06T13:14:54
================================================================================
[2024-03-06T13:15:40.876+0000] {manager.py:879} INFO - 
================================================================================
DAG File Processing Stats

File Path                             PID    Runtime      # DAGs    # Errors  Last Runtime    Last Run
------------------------------------  -----  ---------  --------  ----------  --------------  -------------------
/opt/airflow/dags/dag_citibikenyc.py                           1           0  0.06s           2024-03-06T13:15:24
================================================================================
[2024-03-06T13:16:11.026+0000] {manager.py:879} INFO - 
================================================================================
DAG File Processing Stats

File Path                             PID    Runtime      # DAGs    # Errors  Last Runtime    Last Run
------------------------------------  -----  ---------  --------  ----------  --------------  -------------------
/opt/airflow/dags/dag_citibikenyc.py                           1           0  0.06s           2024-03-06T13:15:54
================================================================================
[2024-03-06T13:16:41.184+0000] {manager.py:879} INFO - 
================================================================================
DAG File Processing Stats

File Path                             PID    Runtime      # DAGs    # Errors  Last Runtime    Last Run
------------------------------------  -----  ---------  --------  ----------  --------------  -------------------
/opt/airflow/dags/dag_citibikenyc.py                           1           0  0.06s           2024-03-06T13:16:25
================================================================================
[2024-03-06T13:17:11.348+0000] {manager.py:879} INFO - 
================================================================================
DAG File Processing Stats

File Path                             PID    Runtime      # DAGs    # Errors  Last Runtime    Last Run
------------------------------------  -----  ---------  --------  ----------  --------------  -------------------
/opt/airflow/dags/dag_citibikenyc.py                           1           0  0.06s           2024-03-06T13:16:55
================================================================================
[2024-03-06T13:17:41.516+0000] {manager.py:879} INFO - 
================================================================================
DAG File Processing Stats

File Path                             PID    Runtime      # DAGs    # Errors  Last Runtime    Last Run
------------------------------------  -----  ---------  --------  ----------  --------------  -------------------
/opt/airflow/dags/dag_citibikenyc.py                           1           0  0.06s           2024-03-06T13:17:25
================================================================================
[2024-03-06T13:18:11.670+0000] {manager.py:879} INFO - 
================================================================================
DAG File Processing Stats

File Path                             PID    Runtime      # DAGs    # Errors  Last Runtime    Last Run
------------------------------------  -----  ---------  --------  ----------  --------------  -------------------
/opt/airflow/dags/dag_citibikenyc.py                           1           0  0.06s           2024-03-06T13:17:55
================================================================================
[2024-03-06T13:18:41.811+0000] {manager.py:879} INFO - 
================================================================================
DAG File Processing Stats

File Path                             PID    Runtime      # DAGs    # Errors  Last Runtime    Last Run
------------------------------------  -----  ---------  --------  ----------  --------------  -------------------
/opt/airflow/dags/dag_citibikenyc.py                           1           0  0.06s           2024-03-06T13:18:25
================================================================================
[2024-03-06T13:19:10.992+0000] {manager.py:738} INFO - Searching for files in /opt/airflow/dags
[2024-03-06T13:19:10.994+0000] {manager.py:741} INFO - There are 1 files in /opt/airflow/dags
[2024-03-06T13:19:12.003+0000] {manager.py:879} INFO - 
================================================================================
DAG File Processing Stats

File Path                             PID    Runtime      # DAGs    # Errors  Last Runtime    Last Run
------------------------------------  -----  ---------  --------  ----------  --------------  -------------------
/opt/airflow/dags/dag_citibikenyc.py                           1           0  0.06s           2024-03-06T13:18:55
================================================================================
[2024-03-06T13:19:42.154+0000] {manager.py:879} INFO - 
================================================================================
DAG File Processing Stats

File Path                             PID    Runtime      # DAGs    # Errors  Last Runtime    Last Run
------------------------------------  -----  ---------  --------  ----------  --------------  -------------------
/opt/airflow/dags/dag_citibikenyc.py                           1           0  0.06s           2024-03-06T13:19:26
================================================================================
[2024-03-06T13:20:12.334+0000] {manager.py:879} INFO - 
================================================================================
DAG File Processing Stats

File Path                             PID    Runtime      # DAGs    # Errors  Last Runtime    Last Run
------------------------------------  -----  ---------  --------  ----------  --------------  -------------------
/opt/airflow/dags/dag_citibikenyc.py                           1           0  0.06s           2024-03-06T13:19:56
================================================================================
[2024-03-06T13:20:42.495+0000] {manager.py:879} INFO - 
================================================================================
DAG File Processing Stats

File Path                             PID    Runtime      # DAGs    # Errors  Last Runtime    Last Run
------------------------------------  -----  ---------  --------  ----------  --------------  -------------------
/opt/airflow/dags/dag_citibikenyc.py                           1           0  0.06s           2024-03-06T13:20:26
================================================================================
[2024-03-06T13:21:12.654+0000] {manager.py:879} INFO - 
================================================================================
DAG File Processing Stats

File Path                             PID    Runtime      # DAGs    # Errors  Last Runtime    Last Run
------------------------------------  -----  ---------  --------  ----------  --------------  -------------------
/opt/airflow/dags/dag_citibikenyc.py                           1           0  0.06s           2024-03-06T13:20:56
================================================================================
[2024-03-06T13:21:42.827+0000] {manager.py:879} INFO - 
================================================================================
DAG File Processing Stats

File Path                             PID    Runtime      # DAGs    # Errors  Last Runtime    Last Run
------------------------------------  -----  ---------  --------  ----------  --------------  -------------------
/opt/airflow/dags/dag_citibikenyc.py                           1           0  0.06s           2024-03-06T13:21:26
================================================================================
[2024-03-06T13:22:13.003+0000] {manager.py:879} INFO - 
================================================================================
DAG File Processing Stats

File Path                             PID    Runtime      # DAGs    # Errors  Last Runtime    Last Run
------------------------------------  -----  ---------  --------  ----------  --------------  -------------------
/opt/airflow/dags/dag_citibikenyc.py                           1           0  0.06s           2024-03-06T13:21:56
================================================================================
[2024-03-06T13:22:43.182+0000] {manager.py:879} INFO - 
================================================================================
DAG File Processing Stats

File Path                             PID    Runtime      # DAGs    # Errors  Last Runtime    Last Run
------------------------------------  -----  ---------  --------  ----------  --------------  -------------------
/opt/airflow/dags/dag_citibikenyc.py                           1           0  0.06s           2024-03-06T13:22:27
================================================================================
[2024-03-06T13:23:13.362+0000] {manager.py:879} INFO - 
================================================================================
DAG File Processing Stats

File Path                             PID    Runtime      # DAGs    # Errors  Last Runtime    Last Run
------------------------------------  -----  ---------  --------  ----------  --------------  -------------------
/opt/airflow/dags/dag_citibikenyc.py                           1           0  0.06s           2024-03-06T13:22:57
================================================================================
[2024-03-06T13:23:43.531+0000] {manager.py:879} INFO - 
================================================================================
DAG File Processing Stats

File Path                             PID    Runtime      # DAGs    # Errors  Last Runtime    Last Run
------------------------------------  -----  ---------  --------  ----------  --------------  -------------------
/opt/airflow/dags/dag_citibikenyc.py                           1           0  0.06s           2024-03-06T13:23:27
================================================================================
[2024-03-06T13:24:11.679+0000] {manager.py:738} INFO - Searching for files in /opt/airflow/dags
[2024-03-06T13:24:11.682+0000] {manager.py:741} INFO - There are 1 files in /opt/airflow/dags
[2024-03-06T13:24:13.707+0000] {manager.py:879} INFO - 
================================================================================
DAG File Processing Stats

File Path                             PID    Runtime      # DAGs    # Errors  Last Runtime    Last Run
------------------------------------  -----  ---------  --------  ----------  --------------  -------------------
/opt/airflow/dags/dag_citibikenyc.py                           1           0  0.06s           2024-03-06T13:23:57
================================================================================
[2024-03-06T13:24:43.889+0000] {manager.py:879} INFO - 
================================================================================
DAG File Processing Stats

File Path                             PID    Runtime      # DAGs    # Errors  Last Runtime    Last Run
------------------------------------  -----  ---------  --------  ----------  --------------  -------------------
/opt/airflow/dags/dag_citibikenyc.py                           1           0  0.05s           2024-03-06T13:24:27
================================================================================
[2024-03-06T13:25:14.074+0000] {manager.py:879} INFO - 
================================================================================
DAG File Processing Stats

File Path                             PID    Runtime      # DAGs    # Errors  Last Runtime    Last Run
------------------------------------  -----  ---------  --------  ----------  --------------  -------------------
/opt/airflow/dags/dag_citibikenyc.py                           1           0  0.06s           2024-03-06T13:24:51
================================================================================
[2024-03-06T13:25:44.246+0000] {manager.py:879} INFO - 
================================================================================
DAG File Processing Stats

File Path                             PID    Runtime      # DAGs    # Errors  Last Runtime    Last Run
------------------------------------  -----  ---------  --------  ----------  --------------  -------------------
/opt/airflow/dags/dag_citibikenyc.py                           1           0  0.10s           2024-03-06T13:25:22
================================================================================
[2024-03-06T13:26:14.449+0000] {manager.py:879} INFO - 
================================================================================
DAG File Processing Stats

File Path                             PID    Runtime      # DAGs    # Errors  Last Runtime    Last Run
------------------------------------  -----  ---------  --------  ----------  --------------  -------------------
/opt/airflow/dags/dag_citibikenyc.py                           1           0  0.06s           2024-03-06T13:25:52
================================================================================
[2024-03-06T13:26:44.585+0000] {manager.py:879} INFO - 
================================================================================
DAG File Processing Stats

File Path                             PID    Runtime      # DAGs    # Errors  Last Runtime    Last Run
------------------------------------  -----  ---------  --------  ----------  --------------  -------------------
/opt/airflow/dags/dag_citibikenyc.py                           1           0  0.05s           2024-03-06T13:26:22
================================================================================
[2024-03-06T13:27:14.721+0000] {manager.py:879} INFO - 
================================================================================
DAG File Processing Stats

File Path                             PID    Runtime      # DAGs    # Errors  Last Runtime    Last Run
------------------------------------  -----  ---------  --------  ----------  --------------  -------------------
/opt/airflow/dags/dag_citibikenyc.py                           1           0  0.05s           2024-03-06T13:26:52
================================================================================
[2024-03-06T13:27:44.892+0000] {manager.py:879} INFO - 
================================================================================
DAG File Processing Stats

File Path                             PID    Runtime      # DAGs    # Errors  Last Runtime    Last Run
------------------------------------  -----  ---------  --------  ----------  --------------  -------------------
/opt/airflow/dags/dag_citibikenyc.py                           1           0  0.06s           2024-03-06T13:27:22
================================================================================
[2024-03-06T13:28:15.079+0000] {manager.py:879} INFO - 
================================================================================
DAG File Processing Stats

File Path                             PID    Runtime      # DAGs    # Errors  Last Runtime    Last Run
------------------------------------  -----  ---------  --------  ----------  --------------  -------------------
/opt/airflow/dags/dag_citibikenyc.py                           1           0  0.06s           2024-03-06T13:27:52
================================================================================
[2024-03-06T13:28:45.250+0000] {manager.py:879} INFO - 
================================================================================
DAG File Processing Stats

File Path                             PID    Runtime      # DAGs    # Errors  Last Runtime    Last Run
------------------------------------  -----  ---------  --------  ----------  --------------  -------------------
/opt/airflow/dags/dag_citibikenyc.py                           1           0  0.06s           2024-03-06T13:28:23
================================================================================
[2024-03-06T13:29:12.415+0000] {manager.py:738} INFO - Searching for files in /opt/airflow/dags
[2024-03-06T13:29:12.418+0000] {manager.py:741} INFO - There are 1 files in /opt/airflow/dags
[2024-03-06T13:29:15.448+0000] {manager.py:879} INFO - 
================================================================================
DAG File Processing Stats

File Path                             PID    Runtime      # DAGs    # Errors  Last Runtime    Last Run
------------------------------------  -----  ---------  --------  ----------  --------------  -------------------
/opt/airflow/dags/dag_citibikenyc.py                           1           0  0.06s           2024-03-06T13:28:53
================================================================================
[2024-03-06T13:29:45.593+0000] {manager.py:879} INFO - 
================================================================================
DAG File Processing Stats

File Path                             PID    Runtime      # DAGs    # Errors  Last Runtime    Last Run
------------------------------------  -----  ---------  --------  ----------  --------------  -------------------
/opt/airflow/dags/dag_citibikenyc.py                           1           0  0.06s           2024-03-06T13:29:23
================================================================================
[2024-03-06T13:30:15.781+0000] {manager.py:879} INFO - 
================================================================================
DAG File Processing Stats

File Path                             PID    Runtime      # DAGs    # Errors  Last Runtime    Last Run
------------------------------------  -----  ---------  --------  ----------  --------------  -------------------
/opt/airflow/dags/dag_citibikenyc.py                           1           0  0.06s           2024-03-06T13:29:53
================================================================================
