[2024-03-05T20:54:00.498+0000] {taskinstance.py:1956} INFO - Dependencies all met for dep_context=non-requeueable deps ti=<TaskInstance: citibikedataset.download_dataset scheduled__2023-01-01T00:00:00+00:00 [queued]>
[2024-03-05T20:54:00.502+0000] {taskinstance.py:1956} INFO - Dependencies all met for dep_context=requeueable deps ti=<TaskInstance: citibikedataset.download_dataset scheduled__2023-01-01T00:00:00+00:00 [queued]>
[2024-03-05T20:54:00.502+0000] {taskinstance.py:2170} INFO - Starting attempt 1 of 2
[2024-03-05T20:54:00.509+0000] {taskinstance.py:2191} INFO - Executing <Task(BashOperator): download_dataset> on 2023-01-01 00:00:00+00:00
[2024-03-05T20:54:00.512+0000] {standard_task_runner.py:60} INFO - Started process 216 to run task
[2024-03-05T20:54:00.514+0000] {standard_task_runner.py:87} INFO - Running: ['***', 'tasks', 'run', 'citibikedataset', 'download_dataset', 'scheduled__2023-01-01T00:00:00+00:00', '--job-id', '7', '--raw', '--subdir', 'DAGS_FOLDER/dag_citibikenyc.py', '--cfg-path', '/tmp/tmpc2m8ji3k']
[2024-03-05T20:54:00.515+0000] {standard_task_runner.py:88} INFO - Job 7: Subtask download_dataset
[2024-03-05T20:54:00.537+0000] {task_command.py:423} INFO - Running <TaskInstance: citibikedataset.download_dataset scheduled__2023-01-01T00:00:00+00:00 [running]> on host 8277132cfd53
[2024-03-05T20:54:00.563+0000] {logging_mixin.py:188} WARNING - /home/***/.local/lib/python3.8/site-packages/***/utils/context.py:207 AirflowContextDeprecationWarning: Accessing 'execution_date' from the template is deprecated and will be removed in a future version. Please use 'data_interval_start' or 'logical_date' instead.
[2024-03-05T20:54:00.579+0000] {taskinstance.py:2480} INFO - Exporting env vars: AIRFLOW_CTX_DAG_OWNER='felipeparfitt' AIRFLOW_CTX_DAG_ID='citibikedataset' AIRFLOW_CTX_TASK_ID='download_dataset' AIRFLOW_CTX_EXECUTION_DATE='2023-01-01T00:00:00+00:00' AIRFLOW_CTX_TRY_NUMBER='1' AIRFLOW_CTX_DAG_RUN_ID='scheduled__2023-01-01T00:00:00+00:00'
[2024-03-05T20:54:00.580+0000] {subprocess.py:63} INFO - Tmp dir root location: /tmp
[2024-03-05T20:54:00.581+0000] {subprocess.py:75} INFO - Running command: ['/usr/bin/bash', '-c', 'sh ${AIRFLOW_HOME}/include/download_bike_dataset.sh 2023 01']
[2024-03-05T20:54:00.585+0000] {subprocess.py:86} INFO - Output:
[2024-03-05T20:54:00.587+0000] {subprocess.py:93} INFO - 
[2024-03-05T20:54:00.587+0000] {subprocess.py:93} INFO - Downloading citibike dataset from 2023/01
[2024-03-05T20:54:00.587+0000] {subprocess.py:93} INFO - /opt/***/include/dataset/raw/2023/01
[2024-03-05T20:54:00.588+0000] {subprocess.py:93} INFO - /opt/***/include/download_bike_dataset.sh: 14: wget: Permission denied
[2024-03-05T20:54:00.588+0000] {subprocess.py:97} INFO - Command exited with return code 1
[2024-03-05T20:54:00.593+0000] {taskinstance.py:2698} ERROR - Task failed with exception
Traceback (most recent call last):
  File "/home/airflow/.local/lib/python3.8/site-packages/airflow/models/taskinstance.py", line 433, in _execute_task
    result = execute_callable(context=context, **execute_callable_kwargs)
  File "/home/airflow/.local/lib/python3.8/site-packages/airflow/operators/bash.py", line 212, in execute
    raise AirflowException(
airflow.exceptions.AirflowException: Bash command failed. The command returned a non-zero exit code 1.
[2024-03-05T20:54:00.596+0000] {taskinstance.py:1138} INFO - Marking task as UP_FOR_RETRY. dag_id=citibikedataset, task_id=download_dataset, execution_date=20230101T000000, start_date=20240305T205400, end_date=20240305T205400
[2024-03-05T20:54:00.601+0000] {standard_task_runner.py:107} ERROR - Failed to execute job 7 for task download_dataset (Bash command failed. The command returned a non-zero exit code 1.; 216)
[2024-03-05T20:54:00.605+0000] {local_task_job_runner.py:234} INFO - Task exited with return code 1
[2024-03-05T20:54:00.616+0000] {taskinstance.py:3280} INFO - 0 downstream tasks scheduled from follow-on schedule check
[2024-03-05T21:12:29.497+0000] {taskinstance.py:1956} INFO - Dependencies all met for dep_context=non-requeueable deps ti=<TaskInstance: citibikedataset.download_dataset scheduled__2023-01-01T00:00:00+00:00 [queued]>
[2024-03-05T21:12:29.503+0000] {taskinstance.py:1956} INFO - Dependencies all met for dep_context=requeueable deps ti=<TaskInstance: citibikedataset.download_dataset scheduled__2023-01-01T00:00:00+00:00 [queued]>
[2024-03-05T21:12:29.503+0000] {taskinstance.py:2170} INFO - Starting attempt 1 of 2
[2024-03-05T21:12:29.511+0000] {taskinstance.py:2191} INFO - Executing <Task(BashOperator): download_dataset> on 2023-01-01 00:00:00+00:00
[2024-03-05T21:12:29.514+0000] {standard_task_runner.py:60} INFO - Started process 766 to run task
[2024-03-05T21:12:29.516+0000] {standard_task_runner.py:87} INFO - Running: ['***', 'tasks', 'run', 'citibikedataset', 'download_dataset', 'scheduled__2023-01-01T00:00:00+00:00', '--job-id', '37', '--raw', '--subdir', 'DAGS_FOLDER/dag_citibikenyc.py', '--cfg-path', '/tmp/tmpctyyg80n']
[2024-03-05T21:12:29.518+0000] {standard_task_runner.py:88} INFO - Job 37: Subtask download_dataset
[2024-03-05T21:12:29.544+0000] {task_command.py:423} INFO - Running <TaskInstance: citibikedataset.download_dataset scheduled__2023-01-01T00:00:00+00:00 [running]> on host 8277132cfd53
[2024-03-05T21:12:29.568+0000] {abstractoperator.py:707} ERROR - Exception rendering Jinja template for task 'download_dataset', field 'bash_command'. Template: "sh ${AIRFLOW_HOME}/include/download_bike_dataset.sh {{ ds.strftime('%Y') }} {{ ds.strftime('%m') }}"
Traceback (most recent call last):
  File "/home/airflow/.local/lib/python3.8/site-packages/airflow/models/abstractoperator.py", line 699, in _do_render_template_fields
    rendered_content = self.render_template(
  File "/home/airflow/.local/lib/python3.8/site-packages/airflow/template/templater.py", line 174, in render_template
    return self._render(template, context)
  File "/home/airflow/.local/lib/python3.8/site-packages/airflow/models/abstractoperator.py", line 654, in _render
    return super()._render(template, context, dag=dag)
  File "/home/airflow/.local/lib/python3.8/site-packages/airflow/template/templater.py", line 131, in _render
    return render_template_to_string(template, context)
  File "/home/airflow/.local/lib/python3.8/site-packages/airflow/utils/helpers.py", line 289, in render_template_to_string
    return render_template(template, cast(MutableMapping[str, Any], context), native=False)
  File "/home/airflow/.local/lib/python3.8/site-packages/airflow/utils/helpers.py", line 284, in render_template
    return "".join(nodes)
  File "<template>", line 13, in root
  File "/home/airflow/.local/lib/python3.8/site-packages/jinja2/sandbox.py", line 391, in call
    if not __self.is_safe_callable(__obj):
  File "/home/airflow/.local/lib/python3.8/site-packages/jinja2/sandbox.py", line 275, in is_safe_callable
    getattr(obj, "unsafe_callable", False) or getattr(obj, "alters_data", False)
  File "/home/airflow/.local/lib/python3.8/site-packages/jinja2/runtime.py", line 859, in __getattr__
    return self._fail_with_undefined_error()
  File "/home/airflow/.local/lib/python3.8/site-packages/jinja2/runtime.py", line 852, in _fail_with_undefined_error
    raise self._undefined_exception(self._undefined_message)
jinja2.exceptions.UndefinedError: 'str object' has no attribute 'strftime'
[2024-03-05T21:12:29.569+0000] {taskinstance.py:2698} ERROR - Task failed with exception
Traceback (most recent call last):
  File "/home/airflow/.local/lib/python3.8/site-packages/airflow/models/taskinstance.py", line 2334, in _run_raw_task
    self._execute_task_with_callbacks(context, test_mode, session=session)
  File "/home/airflow/.local/lib/python3.8/site-packages/airflow/models/taskinstance.py", line 2465, in _execute_task_with_callbacks
    task_orig = self.render_templates(context=context)
  File "/home/airflow/.local/lib/python3.8/site-packages/airflow/models/taskinstance.py", line 2877, in render_templates
    original_task.render_template_fields(context)
  File "/home/airflow/.local/lib/python3.8/site-packages/airflow/models/baseoperator.py", line 1241, in render_template_fields
    self._do_render_template_fields(self, self.template_fields, context, jinja_env, set())
  File "/home/airflow/.local/lib/python3.8/site-packages/airflow/utils/session.py", line 79, in wrapper
    return func(*args, session=session, **kwargs)
  File "/home/airflow/.local/lib/python3.8/site-packages/airflow/models/abstractoperator.py", line 699, in _do_render_template_fields
    rendered_content = self.render_template(
  File "/home/airflow/.local/lib/python3.8/site-packages/airflow/template/templater.py", line 174, in render_template
    return self._render(template, context)
  File "/home/airflow/.local/lib/python3.8/site-packages/airflow/models/abstractoperator.py", line 654, in _render
    return super()._render(template, context, dag=dag)
  File "/home/airflow/.local/lib/python3.8/site-packages/airflow/template/templater.py", line 131, in _render
    return render_template_to_string(template, context)
  File "/home/airflow/.local/lib/python3.8/site-packages/airflow/utils/helpers.py", line 289, in render_template_to_string
    return render_template(template, cast(MutableMapping[str, Any], context), native=False)
  File "/home/airflow/.local/lib/python3.8/site-packages/airflow/utils/helpers.py", line 284, in render_template
    return "".join(nodes)
  File "<template>", line 13, in root
  File "/home/airflow/.local/lib/python3.8/site-packages/jinja2/sandbox.py", line 391, in call
    if not __self.is_safe_callable(__obj):
  File "/home/airflow/.local/lib/python3.8/site-packages/jinja2/sandbox.py", line 275, in is_safe_callable
    getattr(obj, "unsafe_callable", False) or getattr(obj, "alters_data", False)
  File "/home/airflow/.local/lib/python3.8/site-packages/jinja2/runtime.py", line 859, in __getattr__
    return self._fail_with_undefined_error()
  File "/home/airflow/.local/lib/python3.8/site-packages/jinja2/runtime.py", line 852, in _fail_with_undefined_error
    raise self._undefined_exception(self._undefined_message)
jinja2.exceptions.UndefinedError: 'str object' has no attribute 'strftime'
[2024-03-05T21:12:29.573+0000] {taskinstance.py:1138} INFO - Marking task as UP_FOR_RETRY. dag_id=citibikedataset, task_id=download_dataset, execution_date=20230101T000000, start_date=20240305T211229, end_date=20240305T211229
[2024-03-05T21:12:29.579+0000] {standard_task_runner.py:107} ERROR - Failed to execute job 37 for task download_dataset ('str object' has no attribute 'strftime'; 766)
[2024-03-05T21:12:29.608+0000] {local_task_job_runner.py:234} INFO - Task exited with return code 1
[2024-03-05T21:12:29.621+0000] {taskinstance.py:3280} INFO - 0 downstream tasks scheduled from follow-on schedule check
[2024-03-06T13:26:46.814+0000] {taskinstance.py:1956} INFO - Dependencies all met for dep_context=non-requeueable deps ti=<TaskInstance: citibikedataset.download_dataset scheduled__2023-01-01T00:00:00+00:00 [queued]>
[2024-03-06T13:26:46.819+0000] {taskinstance.py:1956} INFO - Dependencies all met for dep_context=requeueable deps ti=<TaskInstance: citibikedataset.download_dataset scheduled__2023-01-01T00:00:00+00:00 [queued]>
[2024-03-06T13:26:46.820+0000] {taskinstance.py:2170} INFO - Starting attempt 1 of 2
[2024-03-06T13:26:46.827+0000] {taskinstance.py:2191} INFO - Executing <Task(BashOperator): download_dataset> on 2023-01-01 00:00:00+00:00
[2024-03-06T13:26:46.829+0000] {standard_task_runner.py:60} INFO - Started process 474 to run task
[2024-03-06T13:26:46.831+0000] {standard_task_runner.py:87} INFO - Running: ['***', 'tasks', 'run', 'citibikedataset', 'download_dataset', 'scheduled__2023-01-01T00:00:00+00:00', '--job-id', '75', '--raw', '--subdir', 'DAGS_FOLDER/dag_citibikenyc.py', '--cfg-path', '/tmp/tmpes3m8731']
[2024-03-06T13:26:46.832+0000] {standard_task_runner.py:88} INFO - Job 75: Subtask download_dataset
[2024-03-06T13:26:46.856+0000] {task_command.py:423} INFO - Running <TaskInstance: citibikedataset.download_dataset scheduled__2023-01-01T00:00:00+00:00 [running]> on host 45431f0a53e1
[2024-03-06T13:26:46.884+0000] {logging_mixin.py:188} WARNING - /home/***/.local/lib/python3.8/site-packages/***/utils/context.py:207 AirflowContextDeprecationWarning: Accessing 'next_execution_date' from the template is deprecated and will be removed in a future version. Please use 'data_interval_end' instead.
[2024-03-06T13:26:46.901+0000] {taskinstance.py:2480} INFO - Exporting env vars: AIRFLOW_CTX_DAG_OWNER='felipeparfitt' AIRFLOW_CTX_DAG_ID='citibikedataset' AIRFLOW_CTX_TASK_ID='download_dataset' AIRFLOW_CTX_EXECUTION_DATE='2023-01-01T00:00:00+00:00' AIRFLOW_CTX_TRY_NUMBER='1' AIRFLOW_CTX_DAG_RUN_ID='scheduled__2023-01-01T00:00:00+00:00'
[2024-03-06T13:26:46.902+0000] {subprocess.py:63} INFO - Tmp dir root location: /tmp
[2024-03-06T13:26:46.903+0000] {subprocess.py:75} INFO - Running command: ['/usr/bin/bash', '-c', 'sh ${AIRFLOW_HOME}/include/download_bike_dataset.sh         2023 02']
[2024-03-06T13:26:46.908+0000] {subprocess.py:86} INFO - Output:
[2024-03-06T13:26:46.910+0000] {subprocess.py:93} INFO - 
[2024-03-06T13:26:46.910+0000] {subprocess.py:93} INFO - Downloading citibike dataset from 2023/02
[2024-03-06T13:26:46.914+0000] {subprocess.py:93} INFO -   % Total    % Received % Xferd  Average Speed   Time    Time     Time  Current
[2024-03-06T13:26:46.914+0000] {subprocess.py:93} INFO -                                  Dload  Upload   Total   Spent    Left  Speed
[2024-03-06T13:26:48.524+0000] {subprocess.py:93} INFO -   0     0    0     0    0     0      0      0 --:--:-- --:--:-- --:--:--     0  0 1698k    0     0    0     0      0      0 --:--:-- --:--:-- --:--:--     0 62 1698k   62 1053k    0     0   718k      0  0:00:02  0:00:01  0:00:01  718k100 1698k  100 1698k    0     0  1054k      0  0:00:01  0:00:01 --:--:-- 1054k
[2024-03-06T13:26:48.526+0000] {subprocess.py:93} INFO - 
[2024-03-06T13:26:48.526+0000] {subprocess.py:93} INFO - Download completed successfully!
[2024-03-06T13:26:48.526+0000] {subprocess.py:97} INFO - Command exited with return code 0
[2024-03-06T13:26:48.541+0000] {taskinstance.py:1138} INFO - Marking task as SUCCESS. dag_id=citibikedataset, task_id=download_dataset, execution_date=20230101T000000, start_date=20240306T132646, end_date=20240306T132648
[2024-03-06T13:26:48.568+0000] {local_task_job_runner.py:234} INFO - Task exited with return code 0
[2024-03-06T13:26:48.579+0000] {taskinstance.py:3280} INFO - 0 downstream tasks scheduled from follow-on schedule check
[2024-03-06T17:35:25.279+0000] {taskinstance.py:1956} INFO - Dependencies all met for dep_context=non-requeueable deps ti=<TaskInstance: citibikedataset.download_dataset scheduled__2023-01-01T00:00:00+00:00 [queued]>
[2024-03-06T17:35:25.285+0000] {taskinstance.py:1956} INFO - Dependencies all met for dep_context=requeueable deps ti=<TaskInstance: citibikedataset.download_dataset scheduled__2023-01-01T00:00:00+00:00 [queued]>
[2024-03-06T17:35:25.285+0000] {taskinstance.py:2170} INFO - Starting attempt 1 of 2
[2024-03-06T17:35:25.292+0000] {taskinstance.py:2191} INFO - Executing <Task(BashOperator): download_dataset> on 2023-01-01 00:00:00+00:00
[2024-03-06T17:35:25.295+0000] {standard_task_runner.py:60} INFO - Started process 1181 to run task
[2024-03-06T17:35:25.297+0000] {standard_task_runner.py:87} INFO - Running: ['***', 'tasks', 'run', 'citibikedataset', 'download_dataset', 'scheduled__2023-01-01T00:00:00+00:00', '--job-id', '100', '--raw', '--subdir', 'DAGS_FOLDER/dag_citibikenyc.py', '--cfg-path', '/tmp/tmpowypoqqr']
[2024-03-06T17:35:25.299+0000] {standard_task_runner.py:88} INFO - Job 100: Subtask download_dataset
[2024-03-06T17:35:25.325+0000] {task_command.py:423} INFO - Running <TaskInstance: citibikedataset.download_dataset scheduled__2023-01-01T00:00:00+00:00 [running]> on host e43ee8560afa
[2024-03-06T17:35:25.359+0000] {logging_mixin.py:188} WARNING - /home/***/.local/lib/python3.8/site-packages/***/utils/context.py:207 AirflowContextDeprecationWarning: Accessing 'next_execution_date' from the template is deprecated and will be removed in a future version. Please use 'data_interval_end' instead.
[2024-03-06T17:35:25.378+0000] {taskinstance.py:2480} INFO - Exporting env vars: AIRFLOW_CTX_DAG_OWNER='felipeparfitt' AIRFLOW_CTX_DAG_ID='citibikedataset' AIRFLOW_CTX_TASK_ID='download_dataset' AIRFLOW_CTX_EXECUTION_DATE='2023-01-01T00:00:00+00:00' AIRFLOW_CTX_TRY_NUMBER='1' AIRFLOW_CTX_DAG_RUN_ID='scheduled__2023-01-01T00:00:00+00:00'
[2024-03-06T17:35:25.379+0000] {subprocess.py:63} INFO - Tmp dir root location: /tmp
[2024-03-06T17:35:25.379+0000] {subprocess.py:75} INFO - Running command: ['/usr/bin/bash', '-c', 'sh ${AIRFLOW_HOME}/include/download_bike_dataset.sh         2023 02']
[2024-03-06T17:35:25.386+0000] {subprocess.py:86} INFO - Output:
[2024-03-06T17:35:25.388+0000] {subprocess.py:93} INFO - 
[2024-03-06T17:35:25.388+0000] {subprocess.py:93} INFO - Downloading citibike dataset from 2023/02
[2024-03-06T17:35:25.392+0000] {subprocess.py:93} INFO -   % Total    % Received % Xferd  Average Speed   Time    Time     Time  Current
[2024-03-06T17:35:25.392+0000] {subprocess.py:93} INFO -                                  Dload  Upload   Total   Spent    Left  Speed
[2024-03-06T17:35:26.929+0000] {subprocess.py:93} INFO -   0     0    0     0    0     0      0      0 --:--:-- --:--:-- --:--:--     0  0 1698k    0     0    0     0      0      0 --:--:-- --:--:-- --:--:--     0 97 1698k   97 1647k    0     0  1088k      0  0:00:01  0:00:01 --:--:-- 1088k100 1698k  100 1698k    0     0  1105k      0  0:00:01  0:00:01 --:--:-- 1105k
[2024-03-06T17:35:26.931+0000] {subprocess.py:93} INFO - Archive:  /opt/***/include/dataset/raw/2023/02/JC-202302-citibike-tripdata.csv.zip
[2024-03-06T17:35:26.971+0000] {subprocess.py:93} INFO -   inflating: /opt/***/include/dataset/raw/2023/02/JC-202302-citibike-tripdata.csv
[2024-03-06T17:35:26.971+0000] {subprocess.py:93} INFO -   inflating: /opt/***/include/dataset/raw/2023/02/__MACOSX/._JC-202302-citibike-tripdata.csv
[2024-03-06T17:35:26.973+0000] {subprocess.py:93} INFO - 	zip warning: name not matched: JC-202302-citibike-tripdata.csv
[2024-03-06T17:35:26.973+0000] {subprocess.py:93} INFO - 
[2024-03-06T17:35:26.973+0000] {subprocess.py:93} INFO - zip error: Nothing to do! (/opt/***/include/dataset/raw/2023/02/JC-202302-citibike-tripdata.csv.zip)
[2024-03-06T17:35:26.973+0000] {subprocess.py:93} INFO - 
[2024-03-06T17:35:26.973+0000] {subprocess.py:93} INFO - Download completed successfully!
[2024-03-06T17:35:26.973+0000] {subprocess.py:97} INFO - Command exited with return code 0
[2024-03-06T17:35:26.987+0000] {taskinstance.py:1138} INFO - Marking task as SUCCESS. dag_id=citibikedataset, task_id=download_dataset, execution_date=20230101T000000, start_date=20240306T173525, end_date=20240306T173526
[2024-03-06T17:35:27.034+0000] {local_task_job_runner.py:234} INFO - Task exited with return code 0
[2024-03-06T17:35:27.046+0000] {taskinstance.py:3280} INFO - 0 downstream tasks scheduled from follow-on schedule check
[2024-03-06T17:39:26.879+0000] {taskinstance.py:1956} INFO - Dependencies all met for dep_context=non-requeueable deps ti=<TaskInstance: citibikedataset.download_dataset scheduled__2023-01-01T00:00:00+00:00 [queued]>
[2024-03-06T17:39:26.884+0000] {taskinstance.py:1956} INFO - Dependencies all met for dep_context=requeueable deps ti=<TaskInstance: citibikedataset.download_dataset scheduled__2023-01-01T00:00:00+00:00 [queued]>
[2024-03-06T17:39:26.884+0000] {taskinstance.py:2170} INFO - Starting attempt 1 of 2
[2024-03-06T17:39:26.892+0000] {taskinstance.py:2191} INFO - Executing <Task(BashOperator): download_dataset> on 2023-01-01 00:00:00+00:00
[2024-03-06T17:39:26.895+0000] {standard_task_runner.py:60} INFO - Started process 1360 to run task
[2024-03-06T17:39:26.897+0000] {standard_task_runner.py:87} INFO - Running: ['***', 'tasks', 'run', 'citibikedataset', 'download_dataset', 'scheduled__2023-01-01T00:00:00+00:00', '--job-id', '110', '--raw', '--subdir', 'DAGS_FOLDER/dag_citibikenyc.py', '--cfg-path', '/tmp/tmpo6c7ektd']
[2024-03-06T17:39:26.898+0000] {standard_task_runner.py:88} INFO - Job 110: Subtask download_dataset
[2024-03-06T17:39:26.923+0000] {task_command.py:423} INFO - Running <TaskInstance: citibikedataset.download_dataset scheduled__2023-01-01T00:00:00+00:00 [running]> on host e43ee8560afa
[2024-03-06T17:39:26.953+0000] {logging_mixin.py:188} WARNING - /home/***/.local/lib/python3.8/site-packages/***/utils/context.py:207 AirflowContextDeprecationWarning: Accessing 'next_execution_date' from the template is deprecated and will be removed in a future version. Please use 'data_interval_end' instead.
[2024-03-06T17:39:26.970+0000] {taskinstance.py:2480} INFO - Exporting env vars: AIRFLOW_CTX_DAG_OWNER='felipeparfitt' AIRFLOW_CTX_DAG_ID='citibikedataset' AIRFLOW_CTX_TASK_ID='download_dataset' AIRFLOW_CTX_EXECUTION_DATE='2023-01-01T00:00:00+00:00' AIRFLOW_CTX_TRY_NUMBER='1' AIRFLOW_CTX_DAG_RUN_ID='scheduled__2023-01-01T00:00:00+00:00'
[2024-03-06T17:39:26.971+0000] {subprocess.py:63} INFO - Tmp dir root location: /tmp
[2024-03-06T17:39:26.971+0000] {subprocess.py:75} INFO - Running command: ['/usr/bin/bash', '-c', 'sh ${AIRFLOW_HOME}/include/download_bike_dataset.sh         2023 02']
[2024-03-06T17:39:26.977+0000] {subprocess.py:86} INFO - Output:
[2024-03-06T17:39:26.978+0000] {subprocess.py:93} INFO - 
[2024-03-06T17:39:26.978+0000] {subprocess.py:93} INFO - Downloading citibike dataset from 2023/02
[2024-03-06T17:39:26.982+0000] {subprocess.py:93} INFO -   % Total    % Received % Xferd  Average Speed   Time    Time     Time  Current
[2024-03-06T17:39:26.983+0000] {subprocess.py:93} INFO -                                  Dload  Upload   Total   Spent    Left  Speed
[2024-03-06T17:39:28.701+0000] {subprocess.py:93} INFO -   0     0    0     0    0     0      0      0 --:--:-- --:--:-- --:--:--     0  0 1698k    0 17004    0     0  18647      0  0:01:33 --:--:--  0:01:33 18644100 1698k  100 1698k    0     0   988k      0  0:00:01  0:00:01 --:--:--  988k
[2024-03-06T17:39:28.704+0000] {subprocess.py:93} INFO - Archive:  /opt/***/include/dataset/raw/2023/02/JC-202302-citibike-tripdata.csv.zip
[2024-03-06T17:39:28.743+0000] {subprocess.py:93} INFO -   inflating: /opt/***/include/dataset/raw/2023/02/JC-202302-citibike-tripdata.csv
[2024-03-06T17:39:28.743+0000] {subprocess.py:93} INFO -   inflating: /opt/***/include/dataset/raw/2023/02/__MACOSX/._JC-202302-citibike-tripdata.csv
[2024-03-06T17:39:28.903+0000] {subprocess.py:93} INFO -   adding: opt/***/include/dataset/raw/2023/02/JC-202302-citibike-tripdata.csv (deflated 84%)
[2024-03-06T17:39:28.904+0000] {subprocess.py:93} INFO - 
[2024-03-06T17:39:28.904+0000] {subprocess.py:93} INFO - Download completed successfully!
[2024-03-06T17:39:28.905+0000] {subprocess.py:97} INFO - Command exited with return code 0
[2024-03-06T17:39:28.919+0000] {taskinstance.py:1138} INFO - Marking task as SUCCESS. dag_id=citibikedataset, task_id=download_dataset, execution_date=20230101T000000, start_date=20240306T173926, end_date=20240306T173928
[2024-03-06T17:39:28.956+0000] {local_task_job_runner.py:234} INFO - Task exited with return code 0
[2024-03-06T17:39:28.968+0000] {taskinstance.py:3280} INFO - 0 downstream tasks scheduled from follow-on schedule check
[2024-03-07T14:08:01.044+0000] {taskinstance.py:1956} INFO - Dependencies all met for dep_context=non-requeueable deps ti=<TaskInstance: citibikedataset.download_dataset scheduled__2023-01-01T00:00:00+00:00 [queued]>
[2024-03-07T14:08:01.049+0000] {taskinstance.py:1956} INFO - Dependencies all met for dep_context=requeueable deps ti=<TaskInstance: citibikedataset.download_dataset scheduled__2023-01-01T00:00:00+00:00 [queued]>
[2024-03-07T14:08:01.049+0000] {taskinstance.py:2170} INFO - Starting attempt 1 of 2
[2024-03-07T14:08:01.056+0000] {taskinstance.py:2191} INFO - Executing <Task(BashOperator): download_dataset> on 2023-01-01 00:00:00+00:00
[2024-03-07T14:08:01.059+0000] {standard_task_runner.py:60} INFO - Started process 1253 to run task
[2024-03-07T14:08:01.061+0000] {standard_task_runner.py:87} INFO - Running: ['***', 'tasks', 'run', 'citibikedataset', 'download_dataset', 'scheduled__2023-01-01T00:00:00+00:00', '--job-id', '147', '--raw', '--subdir', 'DAGS_FOLDER/dag_citibikenyc.py', '--cfg-path', '/tmp/tmp_o1308_d']
[2024-03-07T14:08:01.063+0000] {standard_task_runner.py:88} INFO - Job 147: Subtask download_dataset
[2024-03-07T14:08:01.088+0000] {task_command.py:423} INFO - Running <TaskInstance: citibikedataset.download_dataset scheduled__2023-01-01T00:00:00+00:00 [running]> on host 0430cbdaac75
[2024-03-07T14:08:01.113+0000] {logging_mixin.py:188} WARNING - /home/***/.local/lib/python3.8/site-packages/***/utils/context.py:207 AirflowContextDeprecationWarning: Accessing 'next_execution_date' from the template is deprecated and will be removed in a future version. Please use 'data_interval_end' instead.
[2024-03-07T14:08:01.221+0000] {taskinstance.py:2480} INFO - Exporting env vars: AIRFLOW_CTX_DAG_OWNER='felipeparfitt' AIRFLOW_CTX_DAG_ID='citibikedataset' AIRFLOW_CTX_TASK_ID='download_dataset' AIRFLOW_CTX_EXECUTION_DATE='2023-01-01T00:00:00+00:00' AIRFLOW_CTX_TRY_NUMBER='1' AIRFLOW_CTX_DAG_RUN_ID='scheduled__2023-01-01T00:00:00+00:00'
[2024-03-07T14:08:01.222+0000] {subprocess.py:63} INFO - Tmp dir root location: /tmp
[2024-03-07T14:08:01.222+0000] {subprocess.py:75} INFO - Running command: ['/usr/bin/bash', '-c', 'sh ${AIRFLOW_HOME}/include/download_bike_dataset.sh         2023 02']
[2024-03-07T14:08:01.229+0000] {subprocess.py:86} INFO - Output:
[2024-03-07T14:08:01.230+0000] {subprocess.py:93} INFO - 
[2024-03-07T14:08:01.230+0000] {subprocess.py:93} INFO - Downloading citibike dataset from 2023/02
[2024-03-07T14:08:01.234+0000] {subprocess.py:93} INFO -   % Total    % Received % Xferd  Average Speed   Time    Time     Time  Current
[2024-03-07T14:08:01.235+0000] {subprocess.py:93} INFO -                                  Dload  Upload   Total   Spent    Left  Speed
[2024-03-07T14:08:03.657+0000] {subprocess.py:93} INFO -   0     0    0     0    0     0      0      0 --:--:-- --:--:-- --:--:--     0  0     0    0     0    0     0      0      0 --:--:-- --:--:-- --:--:--     0  0     0    0     0    0     0      0      0 --:--:--  0:00:01 --:--:--     0 46 1698k   46  797k    0     0   360k      0  0:00:04  0:00:02  0:00:02  360k100 1698k  100 1698k    0     0   701k      0  0:00:02  0:00:02 --:--:--  700k
[2024-03-07T14:08:03.659+0000] {subprocess.py:93} INFO - Archive:  /opt/***/include/dataset/raw/2023/02/JC-202302-citibike-tripdata.csv.zip
[2024-03-07T14:08:03.697+0000] {subprocess.py:93} INFO -   inflating: /opt/***/include/dataset/raw/2023/02/JC-202302-citibike-tripdata.csv
[2024-03-07T14:08:03.697+0000] {subprocess.py:93} INFO -   inflating: /opt/***/include/dataset/raw/2023/02/__MACOSX/._JC-202302-citibike-tripdata.csv
[2024-03-07T14:08:03.856+0000] {subprocess.py:93} INFO -   adding: opt/***/include/dataset/raw/2023/02/JC-202302-citibike-tripdata.csv (deflated 84%)
[2024-03-07T14:08:03.857+0000] {subprocess.py:93} INFO - 
[2024-03-07T14:08:03.858+0000] {subprocess.py:93} INFO - Download completed successfully!
[2024-03-07T14:08:03.858+0000] {subprocess.py:93} INFO - /opt/***/include/dataset/raw/2023/02/JC-202302-citibike-tripdata.csv.zip
[2024-03-07T14:08:03.858+0000] {subprocess.py:97} INFO - Command exited with return code 0
[2024-03-07T14:08:03.871+0000] {taskinstance.py:1138} INFO - Marking task as SUCCESS. dag_id=citibikedataset, task_id=download_dataset, execution_date=20230101T000000, start_date=20240307T140801, end_date=20240307T140803
[2024-03-07T14:08:03.884+0000] {local_task_job_runner.py:234} INFO - Task exited with return code 0
[2024-03-07T14:08:03.898+0000] {taskinstance.py:3280} INFO - 1 downstream tasks scheduled from follow-on schedule check
[2024-03-07T17:55:18.897+0000] {taskinstance.py:1956} INFO - Dependencies all met for dep_context=non-requeueable deps ti=<TaskInstance: citibikedataset.download_dataset scheduled__2023-01-01T00:00:00+00:00 [queued]>
[2024-03-07T17:55:18.901+0000] {taskinstance.py:1956} INFO - Dependencies all met for dep_context=requeueable deps ti=<TaskInstance: citibikedataset.download_dataset scheduled__2023-01-01T00:00:00+00:00 [queued]>
[2024-03-07T17:55:18.902+0000] {taskinstance.py:2170} INFO - Starting attempt 1 of 2
[2024-03-07T17:55:18.909+0000] {taskinstance.py:2191} INFO - Executing <Task(BashOperator): download_dataset> on 2023-01-01 00:00:00+00:00
[2024-03-07T17:55:18.913+0000] {standard_task_runner.py:60} INFO - Started process 408 to run task
[2024-03-07T17:55:18.915+0000] {standard_task_runner.py:87} INFO - Running: ['***', 'tasks', 'run', 'citibikedataset', 'download_dataset', 'scheduled__2023-01-01T00:00:00+00:00', '--job-id', '208', '--raw', '--subdir', 'DAGS_FOLDER/dag_citibikenyc.py', '--cfg-path', '/tmp/tmpmvhaubv2']
[2024-03-07T17:55:18.916+0000] {standard_task_runner.py:88} INFO - Job 208: Subtask download_dataset
[2024-03-07T17:55:18.940+0000] {task_command.py:423} INFO - Running <TaskInstance: citibikedataset.download_dataset scheduled__2023-01-01T00:00:00+00:00 [running]> on host a0c898e5643f
[2024-03-07T17:55:18.968+0000] {logging_mixin.py:188} WARNING - /home/***/.local/lib/python3.8/site-packages/***/utils/context.py:207 AirflowContextDeprecationWarning: Accessing 'next_execution_date' from the template is deprecated and will be removed in a future version. Please use 'data_interval_end' instead.
[2024-03-07T17:55:18.987+0000] {taskinstance.py:2480} INFO - Exporting env vars: AIRFLOW_CTX_DAG_OWNER='felipeparfitt' AIRFLOW_CTX_DAG_ID='citibikedataset' AIRFLOW_CTX_TASK_ID='download_dataset' AIRFLOW_CTX_EXECUTION_DATE='2023-01-01T00:00:00+00:00' AIRFLOW_CTX_TRY_NUMBER='1' AIRFLOW_CTX_DAG_RUN_ID='scheduled__2023-01-01T00:00:00+00:00'
[2024-03-07T17:55:18.988+0000] {subprocess.py:63} INFO - Tmp dir root location: /tmp
[2024-03-07T17:55:18.988+0000] {subprocess.py:75} INFO - Running command: ['/usr/bin/bash', '-c', 'sh ${AIRFLOW_HOME}/include/download_bike_dataset.sh         2023 02']
[2024-03-07T17:55:18.996+0000] {subprocess.py:86} INFO - Output:
[2024-03-07T17:55:18.998+0000] {subprocess.py:93} INFO - 
[2024-03-07T17:55:18.998+0000] {subprocess.py:93} INFO - Downloading citibike dataset from 2023/02
[2024-03-07T17:55:19.002+0000] {subprocess.py:93} INFO -   % Total    % Received % Xferd  Average Speed   Time    Time     Time  Current
[2024-03-07T17:55:19.002+0000] {subprocess.py:93} INFO -                                  Dload  Upload   Total   Spent    Left  Speed
[2024-03-07T17:55:20.573+0000] {subprocess.py:93} INFO -   0     0    0     0    0     0      0      0 --:--:-- --:--:-- --:--:--     0  0     0    0     0    0     0      0      0 --:--:-- --:--:-- --:--:--     0 45 1698k   45  772k    0     0   550k      0  0:00:03  0:00:01  0:00:02  550k100 1698k  100 1698k    0     0  1081k      0  0:00:01  0:00:01 --:--:-- 1081k
[2024-03-07T17:55:20.576+0000] {subprocess.py:93} INFO - Archive:  /opt/***/include/dataset/raw/2023/02/JC-202302-citibike-tripdata.csv.zip
[2024-03-07T17:55:20.615+0000] {subprocess.py:93} INFO -   inflating: /opt/***/include/dataset/raw/2023/02/JC-202302-citibike-tripdata.csv
[2024-03-07T17:55:20.616+0000] {subprocess.py:93} INFO -   inflating: /opt/***/include/dataset/raw/2023/02/__MACOSX/._JC-202302-citibike-tripdata.csv
[2024-03-07T17:55:20.776+0000] {subprocess.py:93} INFO -   adding: opt/***/include/dataset/raw/2023/02/JC-202302-citibike-tripdata.csv (deflated 84%)
[2024-03-07T17:55:20.777+0000] {subprocess.py:93} INFO - 
[2024-03-07T17:55:20.777+0000] {subprocess.py:93} INFO - Download completed successfully!
[2024-03-07T17:55:20.777+0000] {subprocess.py:93} INFO - /opt/***/include/dataset/raw/2023/02/JC-202302-citibike-tripdata.csv.zip
[2024-03-07T17:55:20.778+0000] {subprocess.py:97} INFO - Command exited with return code 0
[2024-03-07T17:55:20.794+0000] {taskinstance.py:1138} INFO - Marking task as SUCCESS. dag_id=citibikedataset, task_id=download_dataset, execution_date=20230101T000000, start_date=20240307T175518, end_date=20240307T175520
[2024-03-07T17:55:20.812+0000] {local_task_job_runner.py:234} INFO - Task exited with return code 0
[2024-03-07T17:55:20.826+0000] {taskinstance.py:3280} INFO - 1 downstream tasks scheduled from follow-on schedule check
