[2024-03-06T13:14:10.466+0000] {processor.py:161} INFO - Started process (PID=181) to work on /opt/airflow/dags/dag_citibikenyc.py
[2024-03-06T13:14:10.467+0000] {processor.py:830} INFO - Processing file /opt/airflow/dags/dag_citibikenyc.py for tasks to queue
[2024-03-06T13:14:10.468+0000] {logging_mixin.py:188} INFO - [2024-03-06T13:14:10.468+0000] {dagbag.py:538} INFO - Filling up the DagBag from /opt/airflow/dags/dag_citibikenyc.py
[2024-03-06T13:14:10.479+0000] {processor.py:840} INFO - DAG(s) 'citibikedataset' retrieved from /opt/airflow/dags/dag_citibikenyc.py
[2024-03-06T13:14:10.609+0000] {logging_mixin.py:188} INFO - [2024-03-06T13:14:10.609+0000] {dag.py:3036} INFO - Sync 1 DAGs
[2024-03-06T13:14:10.631+0000] {logging_mixin.py:188} INFO - [2024-03-06T13:14:10.631+0000] {dag.py:3823} INFO - Setting next_dagrun for citibikedataset to 2024-03-01 00:00:00+00:00, run_after=2024-04-01 00:00:00+00:00
[2024-03-06T13:14:10.647+0000] {processor.py:183} INFO - Processing /opt/airflow/dags/dag_citibikenyc.py took 0.184 seconds
[2024-03-06T13:14:14.500+0000] {processor.py:161} INFO - Started process (PID=186) to work on /opt/airflow/dags/dag_citibikenyc.py
[2024-03-06T13:14:14.501+0000] {processor.py:830} INFO - Processing file /opt/airflow/dags/dag_citibikenyc.py for tasks to queue
[2024-03-06T13:14:14.501+0000] {logging_mixin.py:188} INFO - [2024-03-06T13:14:14.501+0000] {dagbag.py:538} INFO - Filling up the DagBag from /opt/airflow/dags/dag_citibikenyc.py
[2024-03-06T13:14:14.508+0000] {processor.py:840} INFO - DAG(s) 'citibikedataset' retrieved from /opt/airflow/dags/dag_citibikenyc.py
[2024-03-06T13:14:14.514+0000] {logging_mixin.py:188} INFO - [2024-03-06T13:14:14.514+0000] {dag.py:3036} INFO - Sync 1 DAGs
[2024-03-06T13:14:14.530+0000] {logging_mixin.py:188} INFO - [2024-03-06T13:14:14.530+0000] {dag.py:3823} INFO - Setting next_dagrun for citibikedataset to 2024-03-01 00:00:00+00:00, run_after=2024-04-01 00:00:00+00:00
[2024-03-06T13:14:14.540+0000] {processor.py:183} INFO - Processing /opt/airflow/dags/dag_citibikenyc.py took 0.042 seconds
[2024-03-06T13:14:24.534+0000] {processor.py:161} INFO - Started process (PID=191) to work on /opt/airflow/dags/dag_citibikenyc.py
[2024-03-06T13:14:24.535+0000] {processor.py:830} INFO - Processing file /opt/airflow/dags/dag_citibikenyc.py for tasks to queue
[2024-03-06T13:14:24.536+0000] {logging_mixin.py:188} INFO - [2024-03-06T13:14:24.536+0000] {dagbag.py:538} INFO - Filling up the DagBag from /opt/airflow/dags/dag_citibikenyc.py
[2024-03-06T13:14:24.544+0000] {processor.py:840} INFO - DAG(s) 'citibikedataset' retrieved from /opt/airflow/dags/dag_citibikenyc.py
[2024-03-06T13:14:24.551+0000] {logging_mixin.py:188} INFO - [2024-03-06T13:14:24.551+0000] {dag.py:3036} INFO - Sync 1 DAGs
[2024-03-06T13:14:24.567+0000] {logging_mixin.py:188} INFO - [2024-03-06T13:14:24.567+0000] {dag.py:3823} INFO - Setting next_dagrun for citibikedataset to 2024-03-01 00:00:00+00:00, run_after=2024-04-01 00:00:00+00:00
[2024-03-06T13:14:24.578+0000] {processor.py:183} INFO - Processing /opt/airflow/dags/dag_citibikenyc.py took 0.046 seconds
[2024-03-06T13:14:54.696+0000] {processor.py:161} INFO - Started process (PID=202) to work on /opt/airflow/dags/dag_citibikenyc.py
[2024-03-06T13:14:54.697+0000] {processor.py:830} INFO - Processing file /opt/airflow/dags/dag_citibikenyc.py for tasks to queue
[2024-03-06T13:14:54.697+0000] {logging_mixin.py:188} INFO - [2024-03-06T13:14:54.697+0000] {dagbag.py:538} INFO - Filling up the DagBag from /opt/airflow/dags/dag_citibikenyc.py
[2024-03-06T13:14:54.706+0000] {processor.py:840} INFO - DAG(s) 'citibikedataset' retrieved from /opt/airflow/dags/dag_citibikenyc.py
[2024-03-06T13:14:54.767+0000] {logging_mixin.py:188} INFO - [2024-03-06T13:14:54.767+0000] {dag.py:3036} INFO - Sync 1 DAGs
[2024-03-06T13:14:54.779+0000] {logging_mixin.py:188} INFO - [2024-03-06T13:14:54.779+0000] {dag.py:3823} INFO - Setting next_dagrun for citibikedataset to 2024-03-01 00:00:00+00:00, run_after=2024-04-01 00:00:00+00:00
[2024-03-06T13:14:54.791+0000] {processor.py:183} INFO - Processing /opt/airflow/dags/dag_citibikenyc.py took 0.096 seconds
[2024-03-06T13:15:24.822+0000] {processor.py:161} INFO - Started process (PID=213) to work on /opt/airflow/dags/dag_citibikenyc.py
[2024-03-06T13:15:24.822+0000] {processor.py:830} INFO - Processing file /opt/airflow/dags/dag_citibikenyc.py for tasks to queue
[2024-03-06T13:15:24.823+0000] {logging_mixin.py:188} INFO - [2024-03-06T13:15:24.823+0000] {dagbag.py:538} INFO - Filling up the DagBag from /opt/airflow/dags/dag_citibikenyc.py
[2024-03-06T13:15:24.830+0000] {processor.py:840} INFO - DAG(s) 'citibikedataset' retrieved from /opt/airflow/dags/dag_citibikenyc.py
[2024-03-06T13:15:24.847+0000] {logging_mixin.py:188} INFO - [2024-03-06T13:15:24.847+0000] {dag.py:3036} INFO - Sync 1 DAGs
[2024-03-06T13:15:24.859+0000] {logging_mixin.py:188} INFO - [2024-03-06T13:15:24.858+0000] {dag.py:3823} INFO - Setting next_dagrun for citibikedataset to 2024-03-01 00:00:00+00:00, run_after=2024-04-01 00:00:00+00:00
[2024-03-06T13:15:24.869+0000] {processor.py:183} INFO - Processing /opt/airflow/dags/dag_citibikenyc.py took 0.050 seconds
[2024-03-06T13:15:54.944+0000] {processor.py:161} INFO - Started process (PID=225) to work on /opt/airflow/dags/dag_citibikenyc.py
[2024-03-06T13:15:54.944+0000] {processor.py:830} INFO - Processing file /opt/airflow/dags/dag_citibikenyc.py for tasks to queue
[2024-03-06T13:15:54.945+0000] {logging_mixin.py:188} INFO - [2024-03-06T13:15:54.945+0000] {dagbag.py:538} INFO - Filling up the DagBag from /opt/airflow/dags/dag_citibikenyc.py
[2024-03-06T13:15:54.952+0000] {processor.py:840} INFO - DAG(s) 'citibikedataset' retrieved from /opt/airflow/dags/dag_citibikenyc.py
[2024-03-06T13:15:54.968+0000] {logging_mixin.py:188} INFO - [2024-03-06T13:15:54.967+0000] {dag.py:3036} INFO - Sync 1 DAGs
[2024-03-06T13:15:54.981+0000] {logging_mixin.py:188} INFO - [2024-03-06T13:15:54.980+0000] {dag.py:3823} INFO - Setting next_dagrun for citibikedataset to 2024-03-01 00:00:00+00:00, run_after=2024-04-01 00:00:00+00:00
[2024-03-06T13:15:54.990+0000] {processor.py:183} INFO - Processing /opt/airflow/dags/dag_citibikenyc.py took 0.049 seconds
[2024-03-06T13:16:25.103+0000] {processor.py:161} INFO - Started process (PID=236) to work on /opt/airflow/dags/dag_citibikenyc.py
[2024-03-06T13:16:25.103+0000] {processor.py:830} INFO - Processing file /opt/airflow/dags/dag_citibikenyc.py for tasks to queue
[2024-03-06T13:16:25.104+0000] {logging_mixin.py:188} INFO - [2024-03-06T13:16:25.103+0000] {dagbag.py:538} INFO - Filling up the DagBag from /opt/airflow/dags/dag_citibikenyc.py
[2024-03-06T13:16:25.110+0000] {processor.py:840} INFO - DAG(s) 'citibikedataset' retrieved from /opt/airflow/dags/dag_citibikenyc.py
[2024-03-06T13:16:25.125+0000] {logging_mixin.py:188} INFO - [2024-03-06T13:16:25.125+0000] {dag.py:3036} INFO - Sync 1 DAGs
[2024-03-06T13:16:25.139+0000] {logging_mixin.py:188} INFO - [2024-03-06T13:16:25.138+0000] {dag.py:3823} INFO - Setting next_dagrun for citibikedataset to 2024-03-01 00:00:00+00:00, run_after=2024-04-01 00:00:00+00:00
[2024-03-06T13:16:25.148+0000] {processor.py:183} INFO - Processing /opt/airflow/dags/dag_citibikenyc.py took 0.047 seconds
[2024-03-06T13:16:55.271+0000] {processor.py:161} INFO - Started process (PID=247) to work on /opt/airflow/dags/dag_citibikenyc.py
[2024-03-06T13:16:55.272+0000] {processor.py:830} INFO - Processing file /opt/airflow/dags/dag_citibikenyc.py for tasks to queue
[2024-03-06T13:16:55.273+0000] {logging_mixin.py:188} INFO - [2024-03-06T13:16:55.272+0000] {dagbag.py:538} INFO - Filling up the DagBag from /opt/airflow/dags/dag_citibikenyc.py
[2024-03-06T13:16:55.282+0000] {processor.py:840} INFO - DAG(s) 'citibikedataset' retrieved from /opt/airflow/dags/dag_citibikenyc.py
[2024-03-06T13:16:55.299+0000] {logging_mixin.py:188} INFO - [2024-03-06T13:16:55.299+0000] {dag.py:3036} INFO - Sync 1 DAGs
[2024-03-06T13:16:55.313+0000] {logging_mixin.py:188} INFO - [2024-03-06T13:16:55.313+0000] {dag.py:3823} INFO - Setting next_dagrun for citibikedataset to 2024-03-01 00:00:00+00:00, run_after=2024-04-01 00:00:00+00:00
[2024-03-06T13:16:55.322+0000] {processor.py:183} INFO - Processing /opt/airflow/dags/dag_citibikenyc.py took 0.052 seconds
[2024-03-06T13:17:25.437+0000] {processor.py:161} INFO - Started process (PID=258) to work on /opt/airflow/dags/dag_citibikenyc.py
[2024-03-06T13:17:25.437+0000] {processor.py:830} INFO - Processing file /opt/airflow/dags/dag_citibikenyc.py for tasks to queue
[2024-03-06T13:17:25.438+0000] {logging_mixin.py:188} INFO - [2024-03-06T13:17:25.438+0000] {dagbag.py:538} INFO - Filling up the DagBag from /opt/airflow/dags/dag_citibikenyc.py
[2024-03-06T13:17:25.445+0000] {processor.py:840} INFO - DAG(s) 'citibikedataset' retrieved from /opt/airflow/dags/dag_citibikenyc.py
[2024-03-06T13:17:25.461+0000] {logging_mixin.py:188} INFO - [2024-03-06T13:17:25.461+0000] {dag.py:3036} INFO - Sync 1 DAGs
[2024-03-06T13:17:25.474+0000] {logging_mixin.py:188} INFO - [2024-03-06T13:17:25.474+0000] {dag.py:3823} INFO - Setting next_dagrun for citibikedataset to 2024-03-01 00:00:00+00:00, run_after=2024-04-01 00:00:00+00:00
[2024-03-06T13:17:25.483+0000] {processor.py:183} INFO - Processing /opt/airflow/dags/dag_citibikenyc.py took 0.048 seconds
[2024-03-06T13:17:55.590+0000] {processor.py:161} INFO - Started process (PID=269) to work on /opt/airflow/dags/dag_citibikenyc.py
[2024-03-06T13:17:55.591+0000] {processor.py:830} INFO - Processing file /opt/airflow/dags/dag_citibikenyc.py for tasks to queue
[2024-03-06T13:17:55.591+0000] {logging_mixin.py:188} INFO - [2024-03-06T13:17:55.591+0000] {dagbag.py:538} INFO - Filling up the DagBag from /opt/airflow/dags/dag_citibikenyc.py
[2024-03-06T13:17:55.598+0000] {processor.py:840} INFO - DAG(s) 'citibikedataset' retrieved from /opt/airflow/dags/dag_citibikenyc.py
[2024-03-06T13:17:55.612+0000] {logging_mixin.py:188} INFO - [2024-03-06T13:17:55.611+0000] {dag.py:3036} INFO - Sync 1 DAGs
[2024-03-06T13:17:55.623+0000] {logging_mixin.py:188} INFO - [2024-03-06T13:17:55.623+0000] {dag.py:3823} INFO - Setting next_dagrun for citibikedataset to 2024-03-01 00:00:00+00:00, run_after=2024-04-01 00:00:00+00:00
[2024-03-06T13:17:55.632+0000] {processor.py:183} INFO - Processing /opt/airflow/dags/dag_citibikenyc.py took 0.044 seconds
[2024-03-06T13:18:25.746+0000] {processor.py:161} INFO - Started process (PID=280) to work on /opt/airflow/dags/dag_citibikenyc.py
[2024-03-06T13:18:25.746+0000] {processor.py:830} INFO - Processing file /opt/airflow/dags/dag_citibikenyc.py for tasks to queue
[2024-03-06T13:18:25.747+0000] {logging_mixin.py:188} INFO - [2024-03-06T13:18:25.747+0000] {dagbag.py:538} INFO - Filling up the DagBag from /opt/airflow/dags/dag_citibikenyc.py
[2024-03-06T13:18:25.754+0000] {processor.py:840} INFO - DAG(s) 'citibikedataset' retrieved from /opt/airflow/dags/dag_citibikenyc.py
[2024-03-06T13:18:25.770+0000] {logging_mixin.py:188} INFO - [2024-03-06T13:18:25.769+0000] {dag.py:3036} INFO - Sync 1 DAGs
[2024-03-06T13:18:25.782+0000] {logging_mixin.py:188} INFO - [2024-03-06T13:18:25.782+0000] {dag.py:3823} INFO - Setting next_dagrun for citibikedataset to 2024-03-01 00:00:00+00:00, run_after=2024-04-01 00:00:00+00:00
[2024-03-06T13:18:25.792+0000] {processor.py:183} INFO - Processing /opt/airflow/dags/dag_citibikenyc.py took 0.048 seconds
[2024-03-06T13:18:55.909+0000] {processor.py:161} INFO - Started process (PID=291) to work on /opt/airflow/dags/dag_citibikenyc.py
[2024-03-06T13:18:55.910+0000] {processor.py:830} INFO - Processing file /opt/airflow/dags/dag_citibikenyc.py for tasks to queue
[2024-03-06T13:18:55.910+0000] {logging_mixin.py:188} INFO - [2024-03-06T13:18:55.910+0000] {dagbag.py:538} INFO - Filling up the DagBag from /opt/airflow/dags/dag_citibikenyc.py
[2024-03-06T13:18:55.917+0000] {processor.py:840} INFO - DAG(s) 'citibikedataset' retrieved from /opt/airflow/dags/dag_citibikenyc.py
[2024-03-06T13:18:55.931+0000] {logging_mixin.py:188} INFO - [2024-03-06T13:18:55.931+0000] {dag.py:3036} INFO - Sync 1 DAGs
[2024-03-06T13:18:55.943+0000] {logging_mixin.py:188} INFO - [2024-03-06T13:18:55.943+0000] {dag.py:3823} INFO - Setting next_dagrun for citibikedataset to 2024-03-01 00:00:00+00:00, run_after=2024-04-01 00:00:00+00:00
[2024-03-06T13:18:55.953+0000] {processor.py:183} INFO - Processing /opt/airflow/dags/dag_citibikenyc.py took 0.046 seconds
[2024-03-06T13:19:26.071+0000] {processor.py:161} INFO - Started process (PID=302) to work on /opt/airflow/dags/dag_citibikenyc.py
[2024-03-06T13:19:26.072+0000] {processor.py:830} INFO - Processing file /opt/airflow/dags/dag_citibikenyc.py for tasks to queue
[2024-03-06T13:19:26.072+0000] {logging_mixin.py:188} INFO - [2024-03-06T13:19:26.072+0000] {dagbag.py:538} INFO - Filling up the DagBag from /opt/airflow/dags/dag_citibikenyc.py
[2024-03-06T13:19:26.079+0000] {processor.py:840} INFO - DAG(s) 'citibikedataset' retrieved from /opt/airflow/dags/dag_citibikenyc.py
[2024-03-06T13:19:26.093+0000] {logging_mixin.py:188} INFO - [2024-03-06T13:19:26.092+0000] {dag.py:3036} INFO - Sync 1 DAGs
[2024-03-06T13:19:26.106+0000] {logging_mixin.py:188} INFO - [2024-03-06T13:19:26.106+0000] {dag.py:3823} INFO - Setting next_dagrun for citibikedataset to 2024-03-01 00:00:00+00:00, run_after=2024-04-01 00:00:00+00:00
[2024-03-06T13:19:26.116+0000] {processor.py:183} INFO - Processing /opt/airflow/dags/dag_citibikenyc.py took 0.046 seconds
[2024-03-06T13:19:56.247+0000] {processor.py:161} INFO - Started process (PID=313) to work on /opt/airflow/dags/dag_citibikenyc.py
[2024-03-06T13:19:56.248+0000] {processor.py:830} INFO - Processing file /opt/airflow/dags/dag_citibikenyc.py for tasks to queue
[2024-03-06T13:19:56.248+0000] {logging_mixin.py:188} INFO - [2024-03-06T13:19:56.248+0000] {dagbag.py:538} INFO - Filling up the DagBag from /opt/airflow/dags/dag_citibikenyc.py
[2024-03-06T13:19:56.255+0000] {processor.py:840} INFO - DAG(s) 'citibikedataset' retrieved from /opt/airflow/dags/dag_citibikenyc.py
[2024-03-06T13:19:56.270+0000] {logging_mixin.py:188} INFO - [2024-03-06T13:19:56.269+0000] {dag.py:3036} INFO - Sync 1 DAGs
[2024-03-06T13:19:56.282+0000] {logging_mixin.py:188} INFO - [2024-03-06T13:19:56.282+0000] {dag.py:3823} INFO - Setting next_dagrun for citibikedataset to 2024-03-01 00:00:00+00:00, run_after=2024-04-01 00:00:00+00:00
[2024-03-06T13:19:56.291+0000] {processor.py:183} INFO - Processing /opt/airflow/dags/dag_citibikenyc.py took 0.046 seconds
[2024-03-06T13:20:26.413+0000] {processor.py:161} INFO - Started process (PID=324) to work on /opt/airflow/dags/dag_citibikenyc.py
[2024-03-06T13:20:26.414+0000] {processor.py:830} INFO - Processing file /opt/airflow/dags/dag_citibikenyc.py for tasks to queue
[2024-03-06T13:20:26.415+0000] {logging_mixin.py:188} INFO - [2024-03-06T13:20:26.414+0000] {dagbag.py:538} INFO - Filling up the DagBag from /opt/airflow/dags/dag_citibikenyc.py
[2024-03-06T13:20:26.421+0000] {processor.py:840} INFO - DAG(s) 'citibikedataset' retrieved from /opt/airflow/dags/dag_citibikenyc.py
[2024-03-06T13:20:26.435+0000] {logging_mixin.py:188} INFO - [2024-03-06T13:20:26.435+0000] {dag.py:3036} INFO - Sync 1 DAGs
[2024-03-06T13:20:26.447+0000] {logging_mixin.py:188} INFO - [2024-03-06T13:20:26.447+0000] {dag.py:3823} INFO - Setting next_dagrun for citibikedataset to 2024-03-01 00:00:00+00:00, run_after=2024-04-01 00:00:00+00:00
[2024-03-06T13:20:26.456+0000] {processor.py:183} INFO - Processing /opt/airflow/dags/dag_citibikenyc.py took 0.045 seconds
[2024-03-06T13:20:56.577+0000] {processor.py:161} INFO - Started process (PID=335) to work on /opt/airflow/dags/dag_citibikenyc.py
[2024-03-06T13:20:56.579+0000] {processor.py:830} INFO - Processing file /opt/airflow/dags/dag_citibikenyc.py for tasks to queue
[2024-03-06T13:20:56.579+0000] {logging_mixin.py:188} INFO - [2024-03-06T13:20:56.579+0000] {dagbag.py:538} INFO - Filling up the DagBag from /opt/airflow/dags/dag_citibikenyc.py
[2024-03-06T13:20:56.586+0000] {processor.py:840} INFO - DAG(s) 'citibikedataset' retrieved from /opt/airflow/dags/dag_citibikenyc.py
[2024-03-06T13:20:56.600+0000] {logging_mixin.py:188} INFO - [2024-03-06T13:20:56.600+0000] {dag.py:3036} INFO - Sync 1 DAGs
[2024-03-06T13:20:56.612+0000] {logging_mixin.py:188} INFO - [2024-03-06T13:20:56.612+0000] {dag.py:3823} INFO - Setting next_dagrun for citibikedataset to 2024-03-01 00:00:00+00:00, run_after=2024-04-01 00:00:00+00:00
[2024-03-06T13:20:56.621+0000] {processor.py:183} INFO - Processing /opt/airflow/dags/dag_citibikenyc.py took 0.046 seconds
[2024-03-06T13:21:26.734+0000] {processor.py:161} INFO - Started process (PID=346) to work on /opt/airflow/dags/dag_citibikenyc.py
[2024-03-06T13:21:26.735+0000] {processor.py:830} INFO - Processing file /opt/airflow/dags/dag_citibikenyc.py for tasks to queue
[2024-03-06T13:21:26.736+0000] {logging_mixin.py:188} INFO - [2024-03-06T13:21:26.736+0000] {dagbag.py:538} INFO - Filling up the DagBag from /opt/airflow/dags/dag_citibikenyc.py
[2024-03-06T13:21:26.745+0000] {processor.py:840} INFO - DAG(s) 'citibikedataset' retrieved from /opt/airflow/dags/dag_citibikenyc.py
[2024-03-06T13:21:26.761+0000] {logging_mixin.py:188} INFO - [2024-03-06T13:21:26.761+0000] {dag.py:3036} INFO - Sync 1 DAGs
[2024-03-06T13:21:26.774+0000] {logging_mixin.py:188} INFO - [2024-03-06T13:21:26.773+0000] {dag.py:3823} INFO - Setting next_dagrun for citibikedataset to 2024-03-01 00:00:00+00:00, run_after=2024-04-01 00:00:00+00:00
[2024-03-06T13:21:26.783+0000] {processor.py:183} INFO - Processing /opt/airflow/dags/dag_citibikenyc.py took 0.051 seconds
[2024-03-06T13:21:56.913+0000] {processor.py:161} INFO - Started process (PID=357) to work on /opt/airflow/dags/dag_citibikenyc.py
[2024-03-06T13:21:56.913+0000] {processor.py:830} INFO - Processing file /opt/airflow/dags/dag_citibikenyc.py for tasks to queue
[2024-03-06T13:21:56.914+0000] {logging_mixin.py:188} INFO - [2024-03-06T13:21:56.914+0000] {dagbag.py:538} INFO - Filling up the DagBag from /opt/airflow/dags/dag_citibikenyc.py
[2024-03-06T13:21:56.920+0000] {processor.py:840} INFO - DAG(s) 'citibikedataset' retrieved from /opt/airflow/dags/dag_citibikenyc.py
[2024-03-06T13:21:56.934+0000] {logging_mixin.py:188} INFO - [2024-03-06T13:21:56.934+0000] {dag.py:3036} INFO - Sync 1 DAGs
[2024-03-06T13:21:56.946+0000] {logging_mixin.py:188} INFO - [2024-03-06T13:21:56.946+0000] {dag.py:3823} INFO - Setting next_dagrun for citibikedataset to 2024-03-01 00:00:00+00:00, run_after=2024-04-01 00:00:00+00:00
[2024-03-06T13:21:56.956+0000] {processor.py:183} INFO - Processing /opt/airflow/dags/dag_citibikenyc.py took 0.045 seconds
[2024-03-06T13:22:27.081+0000] {processor.py:161} INFO - Started process (PID=368) to work on /opt/airflow/dags/dag_citibikenyc.py
[2024-03-06T13:22:27.082+0000] {processor.py:830} INFO - Processing file /opt/airflow/dags/dag_citibikenyc.py for tasks to queue
[2024-03-06T13:22:27.082+0000] {logging_mixin.py:188} INFO - [2024-03-06T13:22:27.082+0000] {dagbag.py:538} INFO - Filling up the DagBag from /opt/airflow/dags/dag_citibikenyc.py
[2024-03-06T13:22:27.090+0000] {processor.py:840} INFO - DAG(s) 'citibikedataset' retrieved from /opt/airflow/dags/dag_citibikenyc.py
[2024-03-06T13:22:27.105+0000] {logging_mixin.py:188} INFO - [2024-03-06T13:22:27.105+0000] {dag.py:3036} INFO - Sync 1 DAGs
[2024-03-06T13:22:27.119+0000] {logging_mixin.py:188} INFO - [2024-03-06T13:22:27.119+0000] {dag.py:3823} INFO - Setting next_dagrun for citibikedataset to 2024-03-01 00:00:00+00:00, run_after=2024-04-01 00:00:00+00:00
[2024-03-06T13:22:27.128+0000] {processor.py:183} INFO - Processing /opt/airflow/dags/dag_citibikenyc.py took 0.049 seconds
[2024-03-06T13:22:57.267+0000] {processor.py:161} INFO - Started process (PID=379) to work on /opt/airflow/dags/dag_citibikenyc.py
[2024-03-06T13:22:57.267+0000] {processor.py:830} INFO - Processing file /opt/airflow/dags/dag_citibikenyc.py for tasks to queue
[2024-03-06T13:22:57.268+0000] {logging_mixin.py:188} INFO - [2024-03-06T13:22:57.268+0000] {dagbag.py:538} INFO - Filling up the DagBag from /opt/airflow/dags/dag_citibikenyc.py
[2024-03-06T13:22:57.275+0000] {processor.py:840} INFO - DAG(s) 'citibikedataset' retrieved from /opt/airflow/dags/dag_citibikenyc.py
[2024-03-06T13:22:57.289+0000] {logging_mixin.py:188} INFO - [2024-03-06T13:22:57.289+0000] {dag.py:3036} INFO - Sync 1 DAGs
[2024-03-06T13:22:57.301+0000] {logging_mixin.py:188} INFO - [2024-03-06T13:22:57.301+0000] {dag.py:3823} INFO - Setting next_dagrun for citibikedataset to 2024-03-01 00:00:00+00:00, run_after=2024-04-01 00:00:00+00:00
[2024-03-06T13:22:57.310+0000] {processor.py:183} INFO - Processing /opt/airflow/dags/dag_citibikenyc.py took 0.045 seconds
[2024-03-06T13:23:27.451+0000] {processor.py:161} INFO - Started process (PID=390) to work on /opt/airflow/dags/dag_citibikenyc.py
[2024-03-06T13:23:27.452+0000] {processor.py:830} INFO - Processing file /opt/airflow/dags/dag_citibikenyc.py for tasks to queue
[2024-03-06T13:23:27.453+0000] {logging_mixin.py:188} INFO - [2024-03-06T13:23:27.452+0000] {dagbag.py:538} INFO - Filling up the DagBag from /opt/airflow/dags/dag_citibikenyc.py
[2024-03-06T13:23:27.459+0000] {processor.py:840} INFO - DAG(s) 'citibikedataset' retrieved from /opt/airflow/dags/dag_citibikenyc.py
[2024-03-06T13:23:27.473+0000] {logging_mixin.py:188} INFO - [2024-03-06T13:23:27.473+0000] {dag.py:3036} INFO - Sync 1 DAGs
[2024-03-06T13:23:27.485+0000] {logging_mixin.py:188} INFO - [2024-03-06T13:23:27.485+0000] {dag.py:3823} INFO - Setting next_dagrun for citibikedataset to 2024-03-01 00:00:00+00:00, run_after=2024-04-01 00:00:00+00:00
[2024-03-06T13:23:27.495+0000] {processor.py:183} INFO - Processing /opt/airflow/dags/dag_citibikenyc.py took 0.046 seconds
[2024-03-06T13:23:57.603+0000] {processor.py:161} INFO - Started process (PID=401) to work on /opt/airflow/dags/dag_citibikenyc.py
[2024-03-06T13:23:57.603+0000] {processor.py:830} INFO - Processing file /opt/airflow/dags/dag_citibikenyc.py for tasks to queue
[2024-03-06T13:23:57.604+0000] {logging_mixin.py:188} INFO - [2024-03-06T13:23:57.604+0000] {dagbag.py:538} INFO - Filling up the DagBag from /opt/airflow/dags/dag_citibikenyc.py
[2024-03-06T13:23:57.611+0000] {processor.py:840} INFO - DAG(s) 'citibikedataset' retrieved from /opt/airflow/dags/dag_citibikenyc.py
[2024-03-06T13:23:57.625+0000] {logging_mixin.py:188} INFO - [2024-03-06T13:23:57.625+0000] {dag.py:3036} INFO - Sync 1 DAGs
[2024-03-06T13:23:57.638+0000] {logging_mixin.py:188} INFO - [2024-03-06T13:23:57.638+0000] {dag.py:3823} INFO - Setting next_dagrun for citibikedataset to 2024-03-01 00:00:00+00:00, run_after=2024-04-01 00:00:00+00:00
[2024-03-06T13:23:57.648+0000] {processor.py:183} INFO - Processing /opt/airflow/dags/dag_citibikenyc.py took 0.047 seconds
[2024-03-06T13:24:27.794+0000] {processor.py:161} INFO - Started process (PID=412) to work on /opt/airflow/dags/dag_citibikenyc.py
[2024-03-06T13:24:27.795+0000] {processor.py:830} INFO - Processing file /opt/airflow/dags/dag_citibikenyc.py for tasks to queue
[2024-03-06T13:24:27.795+0000] {logging_mixin.py:188} INFO - [2024-03-06T13:24:27.795+0000] {dagbag.py:538} INFO - Filling up the DagBag from /opt/airflow/dags/dag_citibikenyc.py
[2024-03-06T13:24:27.802+0000] {processor.py:840} INFO - DAG(s) 'citibikedataset' retrieved from /opt/airflow/dags/dag_citibikenyc.py
[2024-03-06T13:24:27.815+0000] {logging_mixin.py:188} INFO - [2024-03-06T13:24:27.815+0000] {dag.py:3036} INFO - Sync 1 DAGs
[2024-03-06T13:24:27.827+0000] {logging_mixin.py:188} INFO - [2024-03-06T13:24:27.827+0000] {dag.py:3823} INFO - Setting next_dagrun for citibikedataset to 2024-03-01 00:00:00+00:00, run_after=2024-04-01 00:00:00+00:00
[2024-03-06T13:24:27.836+0000] {processor.py:183} INFO - Processing /opt/airflow/dags/dag_citibikenyc.py took 0.044 seconds
[2024-03-06T13:24:51.944+0000] {processor.py:161} INFO - Started process (PID=423) to work on /opt/airflow/dags/dag_citibikenyc.py
[2024-03-06T13:24:51.944+0000] {processor.py:830} INFO - Processing file /opt/airflow/dags/dag_citibikenyc.py for tasks to queue
[2024-03-06T13:24:51.945+0000] {logging_mixin.py:188} INFO - [2024-03-06T13:24:51.945+0000] {dagbag.py:538} INFO - Filling up the DagBag from /opt/airflow/dags/dag_citibikenyc.py
[2024-03-06T13:24:51.952+0000] {processor.py:840} INFO - DAG(s) 'citibikedataset' retrieved from /opt/airflow/dags/dag_citibikenyc.py
[2024-03-06T13:24:51.965+0000] {logging_mixin.py:188} INFO - [2024-03-06T13:24:51.965+0000] {dag.py:3036} INFO - Sync 1 DAGs
[2024-03-06T13:24:51.976+0000] {logging_mixin.py:188} INFO - [2024-03-06T13:24:51.976+0000] {dag.py:3823} INFO - Setting next_dagrun for citibikedataset to 2024-03-01 00:00:00+00:00, run_after=2024-04-01 00:00:00+00:00
[2024-03-06T13:24:51.987+0000] {processor.py:183} INFO - Processing /opt/airflow/dags/dag_citibikenyc.py took 0.045 seconds
[2024-03-06T13:25:22.124+0000] {processor.py:161} INFO - Started process (PID=434) to work on /opt/airflow/dags/dag_citibikenyc.py
[2024-03-06T13:25:22.125+0000] {processor.py:830} INFO - Processing file /opt/airflow/dags/dag_citibikenyc.py for tasks to queue
[2024-03-06T13:25:22.126+0000] {logging_mixin.py:188} INFO - [2024-03-06T13:25:22.125+0000] {dagbag.py:538} INFO - Filling up the DagBag from /opt/airflow/dags/dag_citibikenyc.py
[2024-03-06T13:25:22.132+0000] {processor.py:840} INFO - DAG(s) 'citibikedataset' retrieved from /opt/airflow/dags/dag_citibikenyc.py
[2024-03-06T13:25:22.189+0000] {logging_mixin.py:188} INFO - [2024-03-06T13:25:22.188+0000] {dag.py:3036} INFO - Sync 1 DAGs
[2024-03-06T13:25:22.195+0000] {logging_mixin.py:188} INFO - [2024-03-06T13:25:22.195+0000] {dag.py:3058} INFO - Creating ORM DAG for citibikedataset
[2024-03-06T13:25:22.200+0000] {logging_mixin.py:188} INFO - [2024-03-06T13:25:22.200+0000] {dag.py:3823} INFO - Setting next_dagrun for citibikedataset to 2022-12-01 00:00:00+00:00, run_after=2023-01-01 00:00:00+00:00
[2024-03-06T13:25:22.213+0000] {processor.py:183} INFO - Processing /opt/airflow/dags/dag_citibikenyc.py took 0.090 seconds
[2024-03-06T13:25:52.309+0000] {processor.py:161} INFO - Started process (PID=445) to work on /opt/airflow/dags/dag_citibikenyc.py
[2024-03-06T13:25:52.310+0000] {processor.py:830} INFO - Processing file /opt/airflow/dags/dag_citibikenyc.py for tasks to queue
[2024-03-06T13:25:52.310+0000] {logging_mixin.py:188} INFO - [2024-03-06T13:25:52.310+0000] {dagbag.py:538} INFO - Filling up the DagBag from /opt/airflow/dags/dag_citibikenyc.py
[2024-03-06T13:25:52.317+0000] {processor.py:840} INFO - DAG(s) 'citibikedataset' retrieved from /opt/airflow/dags/dag_citibikenyc.py
[2024-03-06T13:25:52.331+0000] {logging_mixin.py:188} INFO - [2024-03-06T13:25:52.331+0000] {dag.py:3036} INFO - Sync 1 DAGs
[2024-03-06T13:25:52.344+0000] {logging_mixin.py:188} INFO - [2024-03-06T13:25:52.343+0000] {dag.py:3823} INFO - Setting next_dagrun for citibikedataset to 2022-12-01 00:00:00+00:00, run_after=2023-01-01 00:00:00+00:00
[2024-03-06T13:25:52.353+0000] {processor.py:183} INFO - Processing /opt/airflow/dags/dag_citibikenyc.py took 0.046 seconds
[2024-03-06T13:26:22.495+0000] {processor.py:161} INFO - Started process (PID=456) to work on /opt/airflow/dags/dag_citibikenyc.py
[2024-03-06T13:26:22.496+0000] {processor.py:830} INFO - Processing file /opt/airflow/dags/dag_citibikenyc.py for tasks to queue
[2024-03-06T13:26:22.496+0000] {logging_mixin.py:188} INFO - [2024-03-06T13:26:22.496+0000] {dagbag.py:538} INFO - Filling up the DagBag from /opt/airflow/dags/dag_citibikenyc.py
[2024-03-06T13:26:22.503+0000] {processor.py:840} INFO - DAG(s) 'citibikedataset' retrieved from /opt/airflow/dags/dag_citibikenyc.py
[2024-03-06T13:26:22.517+0000] {logging_mixin.py:188} INFO - [2024-03-06T13:26:22.517+0000] {dag.py:3036} INFO - Sync 1 DAGs
[2024-03-06T13:26:22.529+0000] {logging_mixin.py:188} INFO - [2024-03-06T13:26:22.529+0000] {dag.py:3823} INFO - Setting next_dagrun for citibikedataset to 2022-12-01 00:00:00+00:00, run_after=2023-01-01 00:00:00+00:00
[2024-03-06T13:26:22.538+0000] {processor.py:183} INFO - Processing /opt/airflow/dags/dag_citibikenyc.py took 0.044 seconds
[2024-03-06T13:26:52.621+0000] {processor.py:161} INFO - Started process (PID=485) to work on /opt/airflow/dags/dag_citibikenyc.py
[2024-03-06T13:26:52.622+0000] {processor.py:830} INFO - Processing file /opt/airflow/dags/dag_citibikenyc.py for tasks to queue
[2024-03-06T13:26:52.622+0000] {logging_mixin.py:188} INFO - [2024-03-06T13:26:52.622+0000] {dagbag.py:538} INFO - Filling up the DagBag from /opt/airflow/dags/dag_citibikenyc.py
[2024-03-06T13:26:52.630+0000] {processor.py:840} INFO - DAG(s) 'citibikedataset' retrieved from /opt/airflow/dags/dag_citibikenyc.py
[2024-03-06T13:26:52.644+0000] {logging_mixin.py:188} INFO - [2024-03-06T13:26:52.644+0000] {dag.py:3036} INFO - Sync 1 DAGs
[2024-03-06T13:26:52.664+0000] {processor.py:183} INFO - Processing /opt/airflow/dags/dag_citibikenyc.py took 0.045 seconds
[2024-03-06T13:27:22.778+0000] {processor.py:161} INFO - Started process (PID=527) to work on /opt/airflow/dags/dag_citibikenyc.py
[2024-03-06T13:27:22.778+0000] {processor.py:830} INFO - Processing file /opt/airflow/dags/dag_citibikenyc.py for tasks to queue
[2024-03-06T13:27:22.779+0000] {logging_mixin.py:188} INFO - [2024-03-06T13:27:22.779+0000] {dagbag.py:538} INFO - Filling up the DagBag from /opt/airflow/dags/dag_citibikenyc.py
[2024-03-06T13:27:22.786+0000] {processor.py:840} INFO - DAG(s) 'citibikedataset' retrieved from /opt/airflow/dags/dag_citibikenyc.py
[2024-03-06T13:27:22.801+0000] {logging_mixin.py:188} INFO - [2024-03-06T13:27:22.800+0000] {dag.py:3036} INFO - Sync 1 DAGs
[2024-03-06T13:27:22.824+0000] {processor.py:183} INFO - Processing /opt/airflow/dags/dag_citibikenyc.py took 0.049 seconds
[2024-03-06T13:27:52.943+0000] {processor.py:161} INFO - Started process (PID=579) to work on /opt/airflow/dags/dag_citibikenyc.py
[2024-03-06T13:27:52.944+0000] {processor.py:830} INFO - Processing file /opt/airflow/dags/dag_citibikenyc.py for tasks to queue
[2024-03-06T13:27:52.944+0000] {logging_mixin.py:188} INFO - [2024-03-06T13:27:52.944+0000] {dagbag.py:538} INFO - Filling up the DagBag from /opt/airflow/dags/dag_citibikenyc.py
[2024-03-06T13:27:52.952+0000] {processor.py:840} INFO - DAG(s) 'citibikedataset' retrieved from /opt/airflow/dags/dag_citibikenyc.py
[2024-03-06T13:27:52.966+0000] {logging_mixin.py:188} INFO - [2024-03-06T13:27:52.966+0000] {dag.py:3036} INFO - Sync 1 DAGs
[2024-03-06T13:27:52.989+0000] {processor.py:183} INFO - Processing /opt/airflow/dags/dag_citibikenyc.py took 0.050 seconds
[2024-03-06T13:28:23.128+0000] {processor.py:161} INFO - Started process (PID=590) to work on /opt/airflow/dags/dag_citibikenyc.py
[2024-03-06T13:28:23.129+0000] {processor.py:830} INFO - Processing file /opt/airflow/dags/dag_citibikenyc.py for tasks to queue
[2024-03-06T13:28:23.129+0000] {logging_mixin.py:188} INFO - [2024-03-06T13:28:23.129+0000] {dagbag.py:538} INFO - Filling up the DagBag from /opt/airflow/dags/dag_citibikenyc.py
[2024-03-06T13:28:23.136+0000] {processor.py:840} INFO - DAG(s) 'citibikedataset' retrieved from /opt/airflow/dags/dag_citibikenyc.py
[2024-03-06T13:28:23.150+0000] {logging_mixin.py:188} INFO - [2024-03-06T13:28:23.150+0000] {dag.py:3036} INFO - Sync 1 DAGs
[2024-03-06T13:28:23.163+0000] {logging_mixin.py:188} INFO - [2024-03-06T13:28:23.163+0000] {dag.py:3823} INFO - Setting next_dagrun for citibikedataset to 2024-03-01 00:00:00+00:00, run_after=2024-04-01 00:00:00+00:00
[2024-03-06T13:28:23.172+0000] {processor.py:183} INFO - Processing /opt/airflow/dags/dag_citibikenyc.py took 0.047 seconds
[2024-03-06T13:28:53.298+0000] {processor.py:161} INFO - Started process (PID=601) to work on /opt/airflow/dags/dag_citibikenyc.py
[2024-03-06T13:28:53.299+0000] {processor.py:830} INFO - Processing file /opt/airflow/dags/dag_citibikenyc.py for tasks to queue
[2024-03-06T13:28:53.299+0000] {logging_mixin.py:188} INFO - [2024-03-06T13:28:53.299+0000] {dagbag.py:538} INFO - Filling up the DagBag from /opt/airflow/dags/dag_citibikenyc.py
[2024-03-06T13:28:53.306+0000] {processor.py:840} INFO - DAG(s) 'citibikedataset' retrieved from /opt/airflow/dags/dag_citibikenyc.py
[2024-03-06T13:28:53.321+0000] {logging_mixin.py:188} INFO - [2024-03-06T13:28:53.320+0000] {dag.py:3036} INFO - Sync 1 DAGs
[2024-03-06T13:28:53.333+0000] {logging_mixin.py:188} INFO - [2024-03-06T13:28:53.333+0000] {dag.py:3823} INFO - Setting next_dagrun for citibikedataset to 2024-03-01 00:00:00+00:00, run_after=2024-04-01 00:00:00+00:00
[2024-03-06T13:28:53.342+0000] {processor.py:183} INFO - Processing /opt/airflow/dags/dag_citibikenyc.py took 0.046 seconds
[2024-03-06T13:29:23.499+0000] {processor.py:161} INFO - Started process (PID=612) to work on /opt/airflow/dags/dag_citibikenyc.py
[2024-03-06T13:29:23.500+0000] {processor.py:830} INFO - Processing file /opt/airflow/dags/dag_citibikenyc.py for tasks to queue
[2024-03-06T13:29:23.501+0000] {logging_mixin.py:188} INFO - [2024-03-06T13:29:23.500+0000] {dagbag.py:538} INFO - Filling up the DagBag from /opt/airflow/dags/dag_citibikenyc.py
[2024-03-06T13:29:23.507+0000] {processor.py:840} INFO - DAG(s) 'citibikedataset' retrieved from /opt/airflow/dags/dag_citibikenyc.py
[2024-03-06T13:29:23.522+0000] {logging_mixin.py:188} INFO - [2024-03-06T13:29:23.521+0000] {dag.py:3036} INFO - Sync 1 DAGs
[2024-03-06T13:29:23.535+0000] {logging_mixin.py:188} INFO - [2024-03-06T13:29:23.535+0000] {dag.py:3823} INFO - Setting next_dagrun for citibikedataset to 2024-03-01 00:00:00+00:00, run_after=2024-04-01 00:00:00+00:00
[2024-03-06T13:29:23.546+0000] {processor.py:183} INFO - Processing /opt/airflow/dags/dag_citibikenyc.py took 0.049 seconds
[2024-03-06T13:29:53.652+0000] {processor.py:161} INFO - Started process (PID=623) to work on /opt/airflow/dags/dag_citibikenyc.py
[2024-03-06T13:29:53.653+0000] {processor.py:830} INFO - Processing file /opt/airflow/dags/dag_citibikenyc.py for tasks to queue
[2024-03-06T13:29:53.654+0000] {logging_mixin.py:188} INFO - [2024-03-06T13:29:53.653+0000] {dagbag.py:538} INFO - Filling up the DagBag from /opt/airflow/dags/dag_citibikenyc.py
[2024-03-06T13:29:53.661+0000] {processor.py:840} INFO - DAG(s) 'citibikedataset' retrieved from /opt/airflow/dags/dag_citibikenyc.py
[2024-03-06T13:29:53.675+0000] {logging_mixin.py:188} INFO - [2024-03-06T13:29:53.675+0000] {dag.py:3036} INFO - Sync 1 DAGs
[2024-03-06T13:29:53.688+0000] {logging_mixin.py:188} INFO - [2024-03-06T13:29:53.688+0000] {dag.py:3823} INFO - Setting next_dagrun for citibikedataset to 2024-03-01 00:00:00+00:00, run_after=2024-04-01 00:00:00+00:00
[2024-03-06T13:29:53.697+0000] {processor.py:183} INFO - Processing /opt/airflow/dags/dag_citibikenyc.py took 0.048 seconds
[2024-03-06T13:30:23.834+0000] {processor.py:161} INFO - Started process (PID=634) to work on /opt/airflow/dags/dag_citibikenyc.py
[2024-03-06T13:30:23.835+0000] {processor.py:830} INFO - Processing file /opt/airflow/dags/dag_citibikenyc.py for tasks to queue
[2024-03-06T13:30:23.835+0000] {logging_mixin.py:188} INFO - [2024-03-06T13:30:23.835+0000] {dagbag.py:538} INFO - Filling up the DagBag from /opt/airflow/dags/dag_citibikenyc.py
[2024-03-06T13:30:23.842+0000] {processor.py:840} INFO - DAG(s) 'citibikedataset' retrieved from /opt/airflow/dags/dag_citibikenyc.py
[2024-03-06T13:30:23.856+0000] {logging_mixin.py:188} INFO - [2024-03-06T13:30:23.856+0000] {dag.py:3036} INFO - Sync 1 DAGs
[2024-03-06T13:30:23.869+0000] {logging_mixin.py:188} INFO - [2024-03-06T13:30:23.869+0000] {dag.py:3823} INFO - Setting next_dagrun for citibikedataset to 2024-03-01 00:00:00+00:00, run_after=2024-04-01 00:00:00+00:00
[2024-03-06T13:30:23.879+0000] {processor.py:183} INFO - Processing /opt/airflow/dags/dag_citibikenyc.py took 0.046 seconds
